[32m[info] [0m2021/06/25 02:54:13 [34m[space-service][0m [32mbaby-fried-rice/internal/pkg/module/space/main.go:28[0m log init successful
[32m[info] [0m2021/06/25 02:54:13 [34m[space-service][0m [32mbaby-fried-rice/internal/pkg/module/space/main.go:39[0m register server init successful
[32m[info] [0m2021/06/25 02:54:13 [34m[space-service][0m [32mbaby-fried-rice/internal/pkg/module/space/main.go:49[0m server register successful
[32m[info] [0m2021/06/25 02:54:13 [34m[space-service][0m [32mbaby-fried-rice/internal/pkg/module/space/main.go:70[0m server run successful
[32m[info] [0m2021/06/25 02:54:15 [34m[space-service][0m [32mbaby-fried-rice/internal/pkg/kit/etcd/server.go:104[0m server lease keep alive successful
[32m[info] [0m2021/06/25 02:54:17 [34m[space-service][0m [32mbaby-fried-rice/internal/pkg/kit/etcd/server.go:104[0m server lease keep alive successful
[32m[info] [0m2021/06/25 02:54:19 [34m[space-service][0m [32mbaby-fried-rice/internal/pkg/kit/etcd/server.go:104[0m server lease keep alive successful
[32m[info] [0m2021/06/25 02:54:21 [34m[space-service][0m [32mbaby-fried-rice/internal/pkg/kit/etcd/server.go:104[0m server lease keep alive successful
[32m[info] [0m2021/06/25 02:54:23 [34m[space-service][0m [32mbaby-fried-rice/internal/pkg/kit/etcd/server.go:104[0m server lease keep alive successful
[32m[info] [0m2021/06/25 02:54:25 [34m[space-service][0m [32mbaby-fried-rice/internal/pkg/kit/etcd/server.go:104[0m server lease keep alive successful
[32m[info] [0m2021/06/25 02:54:27 [34m[space-service][0m [32mbaby-fried-rice/internal/pkg/kit/etcd/server.go:104[0m server lease keep alive successful
[32m[info] [0m2021/06/25 02:54:29 [34m[space-service][0m [32mbaby-fried-rice/internal/pkg/kit/etcd/server.go:104[0m server lease keep alive successful
[32m[info] [0m2021/06/25 02:54:31 [34m[space-service][0m [32mbaby-fried-rice/internal/pkg/kit/etcd/server.go:104[0m server lease keep alive successful
[32m[info] [0m2021/06/25 02:54:33 [34m[space-service][0m [32mbaby-fried-rice/internal/pkg/kit/etcd/server.go:104[0m server lease keep alive successful
[32m[info] [0m2021/06/25 02:54:35 [34m[space-service][0m [32mbaby-fried-rice/internal/pkg/kit/etcd/server.go:104[0m server lease keep alive successful
[32m[info] [0m2021/06/25 02:54:37 [34m[space-service][0m [32mbaby-fried-rice/internal/pkg/kit/etcd/server.go:104[0m server lease keep alive successful
[32m[info] [0m2021/06/25 02:54:39 [34m[space-service][0m [32mbaby-fried-rice/internal/pkg/kit/etcd/server.go:104[0m server lease keep alive successful
[32m[info] [0m2021/06/25 02:54:41 [34m[space-service][0m [32mbaby-fried-rice/internal/pkg/kit/etcd/server.go:104[0m server lease keep alive successful
[32m[info] [0m2021/06/25 02:54:43 [34m[space-service][0m [32mbaby-fried-rice/internal/pkg/kit/etcd/server.go:104[0m server lease keep alive successful
[32m[info] [0m2021/06/25 02:54:45 [34m[space-service][0m [32mbaby-fried-rice/internal/pkg/kit/etcd/server.go:104[0m server lease keep alive successful
[32m[info] [0m2021/06/25 02:54:47 [34m[space-service][0m [32mbaby-fried-rice/internal/pkg/kit/etcd/server.go:104[0m server lease keep alive successful
[32m[info] [0m2021/06/25 02:54:49 [34m[space-service][0m [32mbaby-fried-rice/internal/pkg/kit/etcd/server.go:104[0m server lease keep alive successful
[32m[info] [0m2021/06/25 02:54:51 [34m[space-service][0m [32mbaby-fried-rice/internal/pkg/kit/etcd/server.go:104[0m server lease keep alive successful
[32m[info] [0m2021/06/25 02:54:53 [34m[space-service][0m [32mbaby-fried-rice/internal/pkg/kit/etcd/server.go:104[0m server lease keep alive successful
[32m[info] [0m2021/06/25 02:54:55 [34m[space-service][0m [32mbaby-fried-rice/internal/pkg/kit/etcd/server.go:104[0m server lease keep alive successful
[32m[info] [0m2021/06/25 02:54:57 [34m[space-service][0m [32mbaby-fried-rice/internal/pkg/kit/etcd/server.go:104[0m server lease keep alive successful
[32m[info] [0m2021/06/25 02:54:59 [34m[space-service][0m [32mbaby-fried-rice/internal/pkg/kit/etcd/server.go:104[0m server lease keep alive successful
[32m[info] [0m2021/06/25 02:55:01 [34m[space-service][0m [32mbaby-fried-rice/internal/pkg/kit/etcd/server.go:104[0m server lease keep alive successful
[32m[info] [0m2021/06/25 02:55:03 [34m[space-service][0m [32mbaby-fried-rice/internal/pkg/kit/etcd/server.go:104[0m server lease keep alive successful
[32m[info] [0m2021/06/25 02:55:05 [34m[space-service][0m [32mbaby-fried-rice/internal/pkg/kit/etcd/server.go:104[0m server lease keep alive successful
[32m[info] [0m2021/06/25 02:55:07 [34m[space-service][0m [32mbaby-fried-rice/internal/pkg/kit/etcd/server.go:104[0m server lease keep alive successful
[32m[info] [0m2021/06/25 02:55:09 [34m[space-service][0m [32mbaby-fried-rice/internal/pkg/kit/etcd/server.go:104[0m server lease keep alive successful
[32m[info] [0m2021/06/25 02:55:11 [34m[space-service][0m [32mbaby-fried-rice/internal/pkg/kit/etcd/server.go:104[0m server lease keep alive successful
[32m[info] [0m2021/06/25 02:55:13 [34m[space-service][0m [32mbaby-fried-rice/internal/pkg/kit/etcd/server.go:104[0m server lease keep alive successful
[32m[info] [0m2021/06/25 02:55:15 [34m[space-service][0m [32mbaby-fried-rice/internal/pkg/kit/etcd/server.go:104[0m server lease keep alive successful
[32m[info] [0m2021/06/25 02:55:17 [34m[space-service][0m [32mbaby-fried-rice/internal/pkg/kit/etcd/server.go:104[0m server lease keep alive successful
[32m[info] [0m2021/06/25 02:55:19 [34m[space-service][0m [32mbaby-fried-rice/internal/pkg/kit/etcd/server.go:104[0m server lease keep alive successful
[32m[info] [0m2021/06/25 02:55:21 [34m[space-service][0m [32mbaby-fried-rice/internal/pkg/kit/etcd/server.go:104[0m server lease keep alive successful
[32m[info] [0m2021/06/25 02:55:23 [34m[space-service][0m [32mbaby-fried-rice/internal/pkg/kit/etcd/server.go:104[0m server lease keep alive successful
[32m[info] [0m2021/06/25 02:55:25 [34m[space-service][0m [32mbaby-fried-rice/internal/pkg/kit/etcd/server.go:104[0m server lease keep alive successful
[32m[info] [0m2021/06/25 02:55:27 [34m[space-service][0m [32mbaby-fried-rice/internal/pkg/kit/etcd/server.go:104[0m server lease keep alive successful
[32m[info] [0m2021/06/25 02:55:29 [34m[space-service][0m [32mbaby-fried-rice/internal/pkg/kit/etcd/server.go:104[0m server lease keep alive successful
[32m[info] [0m2021/06/25 02:55:31 [34m[space-service][0m [32mbaby-fried-rice/internal/pkg/kit/etcd/server.go:104[0m server lease keep alive successful
[32m[info] [0m2021/06/25 02:55:33 [34m[space-service][0m [32mbaby-fried-rice/internal/pkg/kit/etcd/server.go:104[0m server lease keep alive successful
[32m[info] [0m2021/06/25 02:55:35 [34m[space-service][0m [32mbaby-fried-rice/internal/pkg/kit/etcd/server.go:104[0m server lease keep alive successful
[32m[info] [0m2021/06/25 02:55:37 [34m[space-service][0m [32mbaby-fried-rice/internal/pkg/kit/etcd/server.go:104[0m server lease keep alive successful
[32m[info] [0m2021/06/25 02:55:39 [34m[space-service][0m [32mbaby-fried-rice/internal/pkg/kit/etcd/server.go:104[0m server lease keep alive successful
[32m[info] [0m2021/06/25 02:55:41 [34m[space-service][0m [32mbaby-fried-rice/internal/pkg/kit/etcd/server.go:104[0m server lease keep alive successful
[32m[info] [0m2021/06/25 02:55:43 [34m[space-service][0m [32mbaby-fried-rice/internal/pkg/kit/etcd/server.go:104[0m server lease keep alive successful
[32m[info] [0m2021/06/25 02:55:45 [34m[space-service][0m [32mbaby-fried-rice/internal/pkg/kit/etcd/server.go:104[0m server lease keep alive successful
[32m[info] [0m2021/06/25 02:55:47 [34m[space-service][0m [32mbaby-fried-rice/internal/pkg/kit/etcd/server.go:104[0m server lease keep alive successful
[32m[info] [0m2021/06/25 02:55:49 [34m[space-service][0m [32mbaby-fried-rice/internal/pkg/kit/etcd/server.go:104[0m server lease keep alive successful
[32m[info] [0m2021/06/25 02:55:51 [34m[space-service][0m [32mbaby-fried-rice/internal/pkg/kit/etcd/server.go:104[0m server lease keep alive successful
[32m[info] [0m2021/06/25 02:55:53 [34m[space-service][0m [32mbaby-fried-rice/internal/pkg/kit/etcd/server.go:104[0m server lease keep alive successful
[32m[info] [0m2021/06/25 02:55:55 [34m[space-service][0m [32mbaby-fried-rice/internal/pkg/kit/etcd/server.go:104[0m server lease keep alive successful
[32m[info] [0m2021/06/25 02:55:57 [34m[space-service][0m [32mbaby-fried-rice/internal/pkg/kit/etcd/server.go:104[0m server lease keep alive successful
[32m[info] [0m2021/06/25 02:55:59 [34m[space-service][0m [32mbaby-fried-rice/internal/pkg/kit/etcd/server.go:104[0m server lease keep alive successful
[32m[info] [0m2021/06/25 02:56:01 [34m[space-service][0m [32mbaby-fried-rice/internal/pkg/kit/etcd/server.go:104[0m server lease keep alive successful
[32m[info] [0m2021/06/25 02:56:03 [34m[space-service][0m [32mbaby-fried-rice/internal/pkg/kit/etcd/server.go:104[0m server lease keep alive successful
[32m[info] [0m2021/06/25 02:56:05 [34m[space-service][0m [32mbaby-fried-rice/internal/pkg/kit/etcd/server.go:104[0m server lease keep alive successful
[32m[info] [0m2021/06/25 02:56:07 [34m[space-service][0m [32mbaby-fried-rice/internal/pkg/kit/etcd/server.go:104[0m server lease keep alive successful
[32m[info] [0m2021/06/25 02:56:09 [34m[space-service][0m [32mbaby-fried-rice/internal/pkg/kit/etcd/server.go:104[0m server lease keep alive successful
[32m[info] [0m2021/06/25 02:56:11 [34m[space-service][0m [32mbaby-fried-rice/internal/pkg/kit/etcd/server.go:104[0m server lease keep alive successful
[32m[info] [0m2021/06/25 02:56:13 [34m[space-service][0m [32mbaby-fried-rice/internal/pkg/kit/etcd/server.go:104[0m server lease keep alive successful
[32m[info] [0m2021/06/25 02:56:15 [34m[space-service][0m [32mbaby-fried-rice/internal/pkg/kit/etcd/server.go:104[0m server lease keep alive successful
[32m[info] [0m2021/06/25 02:56:17 [34m[space-service][0m [32mbaby-fried-rice/internal/pkg/kit/etcd/server.go:104[0m server lease keep alive successful
[32m[info] [0m2021/06/25 02:56:19 [34m[space-service][0m [32mbaby-fried-rice/internal/pkg/kit/etcd/server.go:104[0m server lease keep alive successful
[32m[info] [0m2021/06/25 02:56:21 [34m[space-service][0m [32mbaby-fried-rice/internal/pkg/kit/etcd/server.go:104[0m server lease keep alive successful
[32m[info] [0m2021/06/25 02:56:23 [34m[space-service][0m [32mbaby-fried-rice/internal/pkg/kit/etcd/server.go:104[0m server lease keep alive successful
[32m[info] [0m2021/06/25 02:56:25 [34m[space-service][0m [32mbaby-fried-rice/internal/pkg/kit/etcd/server.go:104[0m server lease keep alive successful
[32m[info] [0m2021/06/25 02:56:27 [34m[space-service][0m [32mbaby-fried-rice/internal/pkg/kit/etcd/server.go:104[0m server lease keep alive successful
[32m[info] [0m2021/06/25 02:56:29 [34m[space-service][0m [32mbaby-fried-rice/internal/pkg/kit/etcd/server.go:104[0m server lease keep alive successful
[32m[info] [0m2021/06/25 02:56:31 [34m[space-service][0m [32mbaby-fried-rice/internal/pkg/kit/etcd/server.go:104[0m server lease keep alive successful
[32m[info] [0m2021/06/25 02:56:33 [34m[space-service][0m [32mbaby-fried-rice/internal/pkg/kit/etcd/server.go:104[0m server lease keep alive successful
[32m[info] [0m2021/06/25 02:56:35 [34m[space-service][0m [32mbaby-fried-rice/internal/pkg/kit/etcd/server.go:104[0m server lease keep alive successful
[32m[info] [0m2021/06/25 02:56:37 [34m[space-service][0m [32mbaby-fried-rice/internal/pkg/kit/etcd/server.go:104[0m server lease keep alive successful
[32m[info] [0m2021/06/25 02:56:39 [34m[space-service][0m [32mbaby-fried-rice/internal/pkg/kit/etcd/server.go:104[0m server lease keep alive successful
[32m[info] [0m2021/06/25 02:56:41 [34m[space-service][0m [32mbaby-fried-rice/internal/pkg/kit/etcd/server.go:104[0m server lease keep alive successful
[32m[info] [0m2021/06/25 02:56:43 [34m[space-service][0m [32mbaby-fried-rice/internal/pkg/kit/etcd/server.go:104[0m server lease keep alive successful
[32m[info] [0m2021/06/25 02:56:45 [34m[space-service][0m [32mbaby-fried-rice/internal/pkg/kit/etcd/server.go:104[0m server lease keep alive successful
[32m[info] [0m2021/06/25 02:56:47 [34m[space-service][0m [32mbaby-fried-rice/internal/pkg/kit/etcd/server.go:104[0m server lease keep alive successful
[32m[info] [0m2021/06/25 02:56:49 [34m[space-service][0m [32mbaby-fried-rice/internal/pkg/kit/etcd/server.go:104[0m server lease keep alive successful
[32m[info] [0m2021/06/25 02:56:51 [34m[space-service][0m [32mbaby-fried-rice/internal/pkg/kit/etcd/server.go:104[0m server lease keep alive successful
[32m[info] [0m2021/06/25 02:56:53 [34m[space-service][0m [32mbaby-fried-rice/internal/pkg/kit/etcd/server.go:104[0m server lease keep alive successful
[32m[info] [0m2021/06/25 02:56:55 [34m[space-service][0m [32mbaby-fried-rice/internal/pkg/kit/etcd/server.go:104[0m server lease keep alive successful
[32m[info] [0m2021/06/25 02:56:57 [34m[space-service][0m [32mbaby-fried-rice/internal/pkg/kit/etcd/server.go:104[0m server lease keep alive successful
[32m[info] [0m2021/06/25 02:56:59 [34m[space-service][0m [32mbaby-fried-rice/internal/pkg/kit/etcd/server.go:104[0m server lease keep alive successful
[32m[info] [0m2021/06/25 02:57:01 [34m[space-service][0m [32mbaby-fried-rice/internal/pkg/kit/etcd/server.go:104[0m server lease keep alive successful
[32m[info] [0m2021/06/25 02:57:03 [34m[space-service][0m [32mbaby-fried-rice/internal/pkg/kit/etcd/server.go:104[0m server lease keep alive successful
[32m[info] [0m2021/06/25 02:57:05 [34m[space-service][0m [32mbaby-fried-rice/internal/pkg/kit/etcd/server.go:104[0m server lease keep alive successful
[32m[info] [0m2021/06/25 02:57:07 [34m[space-service][0m [32mbaby-fried-rice/internal/pkg/kit/etcd/server.go:104[0m server lease keep alive successful
[32m[info] [0m2021/06/25 02:57:09 [34m[space-service][0m [32mbaby-fried-rice/internal/pkg/kit/etcd/server.go:104[0m server lease keep alive successful
[32m[info] [0m2021/06/25 02:57:11 [34m[space-service][0m [32mbaby-fried-rice/internal/pkg/kit/etcd/server.go:104[0m server lease keep alive successful
[32m[info] [0m2021/06/25 02:57:13 [34m[space-service][0m [32mbaby-fried-rice/internal/pkg/kit/etcd/server.go:104[0m server lease keep alive successful
[32m[info] [0m2021/06/25 02:57:15 [34m[space-service][0m [32mbaby-fried-rice/internal/pkg/kit/etcd/server.go:104[0m server lease keep alive successful
[32m[info] [0m2021/06/25 02:57:17 [34m[space-service][0m [32mbaby-fried-rice/internal/pkg/kit/etcd/server.go:104[0m server lease keep alive successful
[32m[info] [0m2021/06/25 02:57:19 [34m[space-service][0m [32mbaby-fried-rice/internal/pkg/kit/etcd/server.go:104[0m server lease keep alive successful
[32m[info] [0m2021/06/25 02:57:21 [34m[space-service][0m [32mbaby-fried-rice/internal/pkg/kit/etcd/server.go:104[0m server lease keep alive successful
[32m[info] [0m2021/06/25 02:57:23 [34m[space-service][0m [32mbaby-fried-rice/internal/pkg/kit/etcd/server.go:104[0m server lease keep alive successful
[32m[info] [0m2021/06/25 02:57:25 [34m[space-service][0m [32mbaby-fried-rice/internal/pkg/kit/etcd/server.go:104[0m server lease keep alive successful
[32m[info] [0m2021/06/25 02:57:27 [34m[space-service][0m [32mbaby-fried-rice/internal/pkg/kit/etcd/server.go:104[0m server lease keep alive successful
[32m[info] [0m2021/06/25 02:57:29 [34m[space-service][0m [32mbaby-fried-rice/internal/pkg/kit/etcd/server.go:104[0m server lease keep alive successful
[32m[info] [0m2021/06/25 02:57:31 [34m[space-service][0m [32mbaby-fried-rice/internal/pkg/kit/etcd/server.go:104[0m server lease keep alive successful
[32m[info] [0m2021/06/25 02:57:33 [34m[space-service][0m [32mbaby-fried-rice/internal/pkg/kit/etcd/server.go:104[0m server lease keep alive successful
[32m[info] [0m2021/06/25 02:57:35 [34m[space-service][0m [32mbaby-fried-rice/internal/pkg/kit/etcd/server.go:104[0m server lease keep alive successful
[32m[info] [0m2021/06/25 02:57:37 [34m[space-service][0m [32mbaby-fried-rice/internal/pkg/kit/etcd/server.go:104[0m server lease keep alive successful
[32m[info] [0m2021/06/25 02:57:39 [34m[space-service][0m [32mbaby-fried-rice/internal/pkg/kit/etcd/server.go:104[0m server lease keep alive successful
[32m[info] [0m2021/06/25 02:57:41 [34m[space-service][0m [32mbaby-fried-rice/internal/pkg/kit/etcd/server.go:104[0m server lease keep alive successful
[32m[info] [0m2021/06/25 02:57:43 [34m[space-service][0m [32mbaby-fried-rice/internal/pkg/kit/etcd/server.go:104[0m server lease keep alive successful
[32m[info] [0m2021/06/25 02:57:45 [34m[space-service][0m [32mbaby-fried-rice/internal/pkg/kit/etcd/server.go:104[0m server lease keep alive successful
[32m[info] [0m2021/06/25 02:57:47 [34m[space-service][0m [32mbaby-fried-rice/internal/pkg/kit/etcd/server.go:104[0m server lease keep alive successful
[32m[info] [0m2021/06/25 02:57:49 [34m[space-service][0m [32mbaby-fried-rice/internal/pkg/kit/etcd/server.go:104[0m server lease keep alive successful
[32m[info] [0m2021/06/25 02:57:51 [34m[space-service][0m [32mbaby-fried-rice/internal/pkg/kit/etcd/server.go:104[0m server lease keep alive successful
[32m[info] [0m2021/06/25 02:57:53 [34m[space-service][0m [32mbaby-fried-rice/internal/pkg/kit/etcd/server.go:104[0m server lease keep alive successful
[32m[info] [0m2021/06/25 02:57:55 [34m[space-service][0m [32mbaby-fried-rice/internal/pkg/kit/etcd/server.go:104[0m server lease keep alive successful
[32m[info] [0m2021/06/25 02:57:57 [34m[space-service][0m [32mbaby-fried-rice/internal/pkg/kit/etcd/server.go:104[0m server lease keep alive successful
[32m[info] [0m2021/06/25 02:57:59 [34m[space-service][0m [32mbaby-fried-rice/internal/pkg/kit/etcd/server.go:104[0m server lease keep alive successful
[32m[info] [0m2021/06/25 02:58:01 [34m[space-service][0m [32mbaby-fried-rice/internal/pkg/kit/etcd/server.go:104[0m server lease keep alive successful
[32m[info] [0m2021/06/25 02:58:03 [34m[space-service][0m [32mbaby-fried-rice/internal/pkg/kit/etcd/server.go:104[0m server lease keep alive successful
[32m[info] [0m2021/06/25 02:58:05 [34m[space-service][0m [32mbaby-fried-rice/internal/pkg/kit/etcd/server.go:104[0m server lease keep alive successful
[32m[info] [0m2021/06/25 02:58:07 [34m[space-service][0m [32mbaby-fried-rice/internal/pkg/kit/etcd/server.go:104[0m server lease keep alive successful
[32m[info] [0m2021/06/25 02:58:09 [34m[space-service][0m [32mbaby-fried-rice/internal/pkg/kit/etcd/server.go:104[0m server lease keep alive successful
[32m[info] [0m2021/06/25 02:58:11 [34m[space-service][0m [32mbaby-fried-rice/internal/pkg/kit/etcd/server.go:104[0m server lease keep alive successful
[32m[info] [0m2021/06/25 02:58:13 [34m[space-service][0m [32mbaby-fried-rice/internal/pkg/kit/etcd/server.go:104[0m server lease keep alive successful
[32m[info] [0m2021/06/25 02:58:15 [34m[space-service][0m [32mbaby-fried-rice/internal/pkg/kit/etcd/server.go:104[0m server lease keep alive successful
[32m[info] [0m2021/06/25 02:58:17 [34m[space-service][0m [32mbaby-fried-rice/internal/pkg/kit/etcd/server.go:104[0m server lease keep alive successful
[32m[info] [0m2021/06/25 02:58:19 [34m[space-service][0m [32mbaby-fried-rice/internal/pkg/kit/etcd/server.go:104[0m server lease keep alive successful
[32m[info] [0m2021/06/25 02:58:21 [34m[space-service][0m [32mbaby-fried-rice/internal/pkg/kit/etcd/server.go:104[0m server lease keep alive successful
[32m[info] [0m2021/06/25 02:58:23 [34m[space-service][0m [32mbaby-fried-rice/internal/pkg/kit/etcd/server.go:104[0m server lease keep alive successful
[32m[info] [0m2021/06/25 02:58:25 [34m[space-service][0m [32mbaby-fried-rice/internal/pkg/kit/etcd/server.go:104[0m server lease keep alive successful
[32m[info] [0m2021/06/25 02:58:27 [34m[space-service][0m [32mbaby-fried-rice/internal/pkg/kit/etcd/server.go:104[0m server lease keep alive successful
[32m[info] [0m2021/06/25 02:58:29 [34m[space-service][0m [32mbaby-fried-rice/internal/pkg/kit/etcd/server.go:104[0m server lease keep alive successful
[32m[info] [0m2021/06/25 02:58:31 [34m[space-service][0m [32mbaby-fried-rice/internal/pkg/kit/etcd/server.go:104[0m server lease keep alive successful
[32m[info] [0m2021/06/25 02:58:33 [34m[space-service][0m [32mbaby-fried-rice/internal/pkg/kit/etcd/server.go:104[0m server lease keep alive successful
[32m[info] [0m2021/06/25 02:58:35 [34m[space-service][0m [32mbaby-fried-rice/internal/pkg/kit/etcd/server.go:104[0m server lease keep alive successful
[32m[info] [0m2021/06/25 02:58:37 [34m[space-service][0m [32mbaby-fried-rice/internal/pkg/kit/etcd/server.go:104[0m server lease keep alive successful
[32m[info] [0m2021/06/25 02:58:39 [34m[space-service][0m [32mbaby-fried-rice/internal/pkg/kit/etcd/server.go:104[0m server lease keep alive successful
[32m[info] [0m2021/06/25 02:58:41 [34m[space-service][0m [32mbaby-fried-rice/internal/pkg/kit/etcd/server.go:104[0m server lease keep alive successful
[32m[info] [0m2021/06/25 02:58:43 [34m[space-service][0m [32mbaby-fried-rice/internal/pkg/kit/etcd/server.go:104[0m server lease keep alive successful
[32m[info] [0m2021/06/25 02:58:45 [34m[space-service][0m [32mbaby-fried-rice/internal/pkg/kit/etcd/server.go:104[0m server lease keep alive successful
[32m[info] [0m2021/06/25 02:58:47 [34m[space-service][0m [32mbaby-fried-rice/internal/pkg/kit/etcd/server.go:104[0m server lease keep alive successful
[32m[info] [0m2021/06/25 02:58:49 [34m[space-service][0m [32mbaby-fried-rice/internal/pkg/kit/etcd/server.go:104[0m server lease keep alive successful
[32m[info] [0m2021/06/25 02:58:51 [34m[space-service][0m [32mbaby-fried-rice/internal/pkg/kit/etcd/server.go:104[0m server lease keep alive successful
[32m[info] [0m2021/06/25 02:58:53 [34m[space-service][0m [32mbaby-fried-rice/internal/pkg/kit/etcd/server.go:104[0m server lease keep alive successful
[32m[info] [0m2021/06/25 02:58:55 [34m[space-service][0m [32mbaby-fried-rice/internal/pkg/kit/etcd/server.go:104[0m server lease keep alive successful
[32m[info] [0m2021/06/25 02:58:57 [34m[space-service][0m [32mbaby-fried-rice/internal/pkg/kit/etcd/server.go:104[0m server lease keep alive successful
[32m[info] [0m2021/06/25 02:58:59 [34m[space-service][0m [32mbaby-fried-rice/internal/pkg/kit/etcd/server.go:104[0m server lease keep alive successful
[32m[info] [0m2021/06/25 02:59:01 [34m[space-service][0m [32mbaby-fried-rice/internal/pkg/kit/etcd/server.go:104[0m server lease keep alive successful
[32m[info] [0m2021/06/25 02:59:02 [34m[space-service][0m [32mbaby-fried-rice/internal/pkg/kit/etcd/server.go:104[0m server lease keep alive successful
[32m[info] [0m2021/06/25 02:59:04 [34m[space-service][0m [32mbaby-fried-rice/internal/pkg/kit/etcd/server.go:104[0m server lease keep alive successful
[32m[info] [0m2021/06/25 02:59:06 [34m[space-service][0m [32mbaby-fried-rice/internal/pkg/kit/etcd/server.go:104[0m server lease keep alive successful
[32m[info] [0m2021/06/25 02:59:08 [34m[space-service][0m [32mbaby-fried-rice/internal/pkg/kit/etcd/server.go:104[0m server lease keep alive successful
[32m[info] [0m2021/06/25 02:59:10 [34m[space-service][0m [32mbaby-fried-rice/internal/pkg/kit/etcd/server.go:104[0m server lease keep alive successful
[32m[info] [0m2021/06/25 02:59:12 [34m[space-service][0m [32mbaby-fried-rice/internal/pkg/kit/etcd/server.go:104[0m server lease keep alive successful
[32m[info] [0m2021/06/25 02:59:14 [34m[space-service][0m [32mbaby-fried-rice/internal/pkg/kit/etcd/server.go:104[0m server lease keep alive successful
[32m[info] [0m2021/06/25 02:59:16 [34m[space-service][0m [32mbaby-fried-rice/internal/pkg/kit/etcd/server.go:104[0m server lease keep alive successful
[32m[info] [0m2021/06/25 02:59:18 [34m[space-service][0m [32mbaby-fried-rice/internal/pkg/kit/etcd/server.go:104[0m server lease keep alive successful
[32m[info] [0m2021/06/25 02:59:20 [34m[space-service][0m [32mbaby-fried-rice/internal/pkg/kit/etcd/server.go:104[0m server lease keep alive successful
[32m[info] [0m2021/06/25 02:59:22 [34m[space-service][0m [32mbaby-fried-rice/internal/pkg/kit/etcd/server.go:104[0m server lease keep alive successful
[32m[info] [0m2021/06/25 02:59:24 [34m[space-service][0m [32mbaby-fried-rice/internal/pkg/kit/etcd/server.go:104[0m server lease keep alive successful
[32m[info] [0m2021/06/25 02:59:26 [34m[space-service][0m [32mbaby-fried-rice/internal/pkg/kit/etcd/server.go:104[0m server lease keep alive successful
[32m[info] [0m2021/06/25 02:59:28 [34m[space-service][0m [32mbaby-fried-rice/internal/pkg/kit/etcd/server.go:104[0m server lease keep alive successful
[32m[info] [0m2021/06/25 02:59:30 [34m[space-service][0m [32mbaby-fried-rice/internal/pkg/kit/etcd/server.go:104[0m server lease keep alive successful
[32m[info] [0m2021/06/25 02:59:32 [34m[space-service][0m [32mbaby-fried-rice/internal/pkg/kit/etcd/server.go:104[0m server lease keep alive successful
[32m[info] [0m2021/06/25 02:59:34 [34m[space-service][0m [32mbaby-fried-rice/internal/pkg/kit/etcd/server.go:104[0m server lease keep alive successful
[32m[info] [0m2021/06/25 02:59:36 [34m[space-service][0m [32mbaby-fried-rice/internal/pkg/kit/etcd/server.go:104[0m server lease keep alive successful
[32m[info] [0m2021/06/25 02:59:38 [34m[space-service][0m [32mbaby-fried-rice/internal/pkg/kit/etcd/server.go:104[0m server lease keep alive successful
[32m[info] [0m2021/06/25 02:59:40 [34m[space-service][0m [32mbaby-fried-rice/internal/pkg/kit/etcd/server.go:104[0m server lease keep alive successful
[32m[info] [0m2021/06/25 02:59:42 [34m[space-service][0m [32mbaby-fried-rice/internal/pkg/kit/etcd/server.go:104[0m server lease keep alive successful
[32m[info] [0m2021/06/25 02:59:44 [34m[space-service][0m [32mbaby-fried-rice/internal/pkg/kit/etcd/server.go:104[0m server lease keep alive successful
[32m[info] [0m2021/06/25 02:59:46 [34m[space-service][0m [32mbaby-fried-rice/internal/pkg/kit/etcd/server.go:104[0m server lease keep alive successful
[32m[info] [0m2021/06/25 02:59:48 [34m[space-service][0m [32mbaby-fried-rice/internal/pkg/kit/etcd/server.go:104[0m server lease keep alive successful
[32m[info] [0m2021/06/25 02:59:50 [34m[space-service][0m [32mbaby-fried-rice/internal/pkg/kit/etcd/server.go:104[0m server lease keep alive successful
[32m[info] [0m2021/06/25 02:59:52 [34m[space-service][0m [32mbaby-fried-rice/internal/pkg/kit/etcd/server.go:104[0m server lease keep alive successful
[32m[info] [0m2021/06/25 02:59:54 [34m[space-service][0m [32mbaby-fried-rice/internal/pkg/kit/etcd/server.go:104[0m server lease keep alive successful
[32m[info] [0m2021/06/25 02:59:56 [34m[space-service][0m [32mbaby-fried-rice/internal/pkg/kit/etcd/server.go:104[0m server lease keep alive successful
[32m[info] [0m2021/06/25 02:59:58 [34m[space-service][0m [32mbaby-fried-rice/internal/pkg/kit/etcd/server.go:104[0m server lease keep alive successful
[32m[info] [0m2021/06/25 03:00:00 [34m[space-service][0m [32mbaby-fried-rice/internal/pkg/kit/etcd/server.go:104[0m server lease keep alive successful
[32m[info] [0m2021/06/25 03:00:02 [34m[space-service][0m [32mbaby-fried-rice/internal/pkg/kit/etcd/server.go:104[0m server lease keep alive successful
[32m[info] [0m2021/06/25 03:00:04 [34m[space-service][0m [32mbaby-fried-rice/internal/pkg/kit/etcd/server.go:104[0m server lease keep alive successful
[32m[info] [0m2021/06/25 03:00:06 [34m[space-service][0m [32mbaby-fried-rice/internal/pkg/kit/etcd/server.go:104[0m server lease keep alive successful
[32m[info] [0m2021/06/25 03:00:08 [34m[space-service][0m [32mbaby-fried-rice/internal/pkg/kit/etcd/server.go:104[0m server lease keep alive successful
[32m[info] [0m2021/06/25 03:00:10 [34m[space-service][0m [32mbaby-fried-rice/internal/pkg/kit/etcd/server.go:104[0m server lease keep alive successful
[32m[info] [0m2021/06/25 03:00:12 [34m[space-service][0m [32mbaby-fried-rice/internal/pkg/kit/etcd/server.go:104[0m server lease keep alive successful
[32m[info] [0m2021/06/25 03:00:14 [34m[space-service][0m [32mbaby-fried-rice/internal/pkg/kit/etcd/server.go:104[0m server lease keep alive successful
[32m[info] [0m2021/06/25 03:00:16 [34m[space-service][0m [32mbaby-fried-rice/internal/pkg/kit/etcd/server.go:104[0m server lease keep alive successful
[32m[info] [0m2021/06/25 03:00:18 [34m[space-service][0m [32mbaby-fried-rice/internal/pkg/kit/etcd/server.go:104[0m server lease keep alive successful
[32m[info] [0m2021/06/25 03:00:20 [34m[space-service][0m [32mbaby-fried-rice/internal/pkg/kit/etcd/server.go:104[0m server lease keep alive successful
[32m[info] [0m2021/06/25 03:00:22 [34m[space-service][0m [32mbaby-fried-rice/internal/pkg/kit/etcd/server.go:104[0m server lease keep alive successful
[32m[info] [0m2021/06/25 03:00:24 [34m[space-service][0m [32mbaby-fried-rice/internal/pkg/kit/etcd/server.go:104[0m server lease keep alive successful
[32m[info] [0m2021/06/25 03:00:26 [34m[space-service][0m [32mbaby-fried-rice/internal/pkg/kit/etcd/server.go:104[0m server lease keep alive successful
[32m[info] [0m2021/06/25 03:00:28 [34m[space-service][0m [32mbaby-fried-rice/internal/pkg/kit/etcd/server.go:104[0m server lease keep alive successful
[32m[info] [0m2021/06/25 03:00:30 [34m[space-service][0m [32mbaby-fried-rice/internal/pkg/kit/etcd/server.go:104[0m server lease keep alive successful
[32m[info] [0m2021/06/25 03:00:32 [34m[space-service][0m [32mbaby-fried-rice/internal/pkg/kit/etcd/server.go:104[0m server lease keep alive successful
[32m[info] [0m2021/06/25 03:00:34 [34m[space-service][0m [32mbaby-fried-rice/internal/pkg/kit/etcd/server.go:104[0m server lease keep alive successful
[32m[info] [0m2021/06/25 03:00:36 [34m[space-service][0m [32mbaby-fried-rice/internal/pkg/kit/etcd/server.go:104[0m server lease keep alive successful
[32m[info] [0m2021/06/25 03:00:38 [34m[space-service][0m [32mbaby-fried-rice/internal/pkg/kit/etcd/server.go:104[0m server lease keep alive successful
[32m[info] [0m2021/06/25 03:00:40 [34m[space-service][0m [32mbaby-fried-rice/internal/pkg/kit/etcd/server.go:104[0m server lease keep alive successful
[32m[info] [0m2021/06/25 03:00:42 [34m[space-service][0m [32mbaby-fried-rice/internal/pkg/kit/etcd/server.go:104[0m server lease keep alive successful
[32m[info] [0m2021/06/25 03:00:44 [34m[space-service][0m [32mbaby-fried-rice/internal/pkg/kit/etcd/server.go:104[0m server lease keep alive successful
[32m[info] [0m2021/06/25 03:00:46 [34m[space-service][0m [32mbaby-fried-rice/internal/pkg/kit/etcd/server.go:104[0m server lease keep alive successful
[32m[info] [0m2021/06/25 03:00:48 [34m[space-service][0m [32mbaby-fried-rice/internal/pkg/kit/etcd/server.go:104[0m server lease keep alive successful
[32m[info] [0m2021/06/25 03:00:50 [34m[space-service][0m [32mbaby-fried-rice/internal/pkg/kit/etcd/server.go:104[0m server lease keep alive successful
[32m[info] [0m2021/06/25 03:00:52 [34m[space-service][0m [32mbaby-fried-rice/internal/pkg/kit/etcd/server.go:104[0m server lease keep alive successful
[32m[info] [0m2021/06/25 03:00:54 [34m[space-service][0m [32mbaby-fried-rice/internal/pkg/kit/etcd/server.go:104[0m server lease keep alive successful
[32m[info] [0m2021/06/25 03:00:56 [34m[space-service][0m [32mbaby-fried-rice/internal/pkg/kit/etcd/server.go:104[0m server lease keep alive successful
[32m[info] [0m2021/06/25 03:00:58 [34m[space-service][0m [32mbaby-fried-rice/internal/pkg/kit/etcd/server.go:104[0m server lease keep alive successful
[32m[info] [0m2021/06/25 03:01:00 [34m[space-service][0m [32mbaby-fried-rice/internal/pkg/kit/etcd/server.go:104[0m server lease keep alive successful
[32m[info] [0m2021/06/25 03:01:02 [34m[space-service][0m [32mbaby-fried-rice/internal/pkg/kit/etcd/server.go:104[0m server lease keep alive successful
[32m[info] [0m2021/06/25 03:01:04 [34m[space-service][0m [32mbaby-fried-rice/internal/pkg/kit/etcd/server.go:104[0m server lease keep alive successful
[32m[info] [0m2021/06/25 03:01:06 [34m[space-service][0m [32mbaby-fried-rice/internal/pkg/kit/etcd/server.go:104[0m server lease keep alive successful
[32m[info] [0m2021/06/25 03:01:08 [34m[space-service][0m [32mbaby-fried-rice/internal/pkg/kit/etcd/server.go:104[0m server lease keep alive successful
[32m[info] [0m2021/06/25 03:01:10 [34m[space-service][0m [32mbaby-fried-rice/internal/pkg/kit/etcd/server.go:104[0m server lease keep alive successful
[32m[info] [0m2021/06/25 03:01:12 [34m[space-service][0m [32mbaby-fried-rice/internal/pkg/kit/etcd/server.go:104[0m server lease keep alive successful
[32m[info] [0m2021/06/25 03:01:14 [34m[space-service][0m [32mbaby-fried-rice/internal/pkg/kit/etcd/server.go:104[0m server lease keep alive successful
[32m[info] [0m2021/06/25 03:01:16 [34m[space-service][0m [32mbaby-fried-rice/internal/pkg/kit/etcd/server.go:104[0m server lease keep alive successful
[32m[info] [0m2021/06/25 03:01:18 [34m[space-service][0m [32mbaby-fried-rice/internal/pkg/kit/etcd/server.go:104[0m server lease keep alive successful
[32m[info] [0m2021/06/25 03:29:47 [34m[space-service][0m [32mbaby-fried-rice/internal/pkg/module/space/main.go:28[0m log init successful
[32m[info] [0m2021/06/25 03:29:47 [34m[space-service][0m [32mbaby-fried-rice/internal/pkg/module/space/main.go:39[0m register server init successful
[32m[info] [0m2021/06/25 03:29:47 [34m[space-service][0m [32mbaby-fried-rice/internal/pkg/module/space/main.go:49[0m server register successful
[32m[info] [0m2021/06/25 03:29:47 [34m[space-service][0m [32mbaby-fried-rice/internal/pkg/module/space/main.go:70[0m server run successful
[32m[info] [0m2021/06/25 03:29:49 [34m[space-service][0m [32mbaby-fried-rice/internal/pkg/kit/etcd/server.go:104[0m server lease keep alive successful
[32m[info] [0m2021/06/25 03:29:51 [34m[space-service][0m [32mbaby-fried-rice/internal/pkg/kit/etcd/server.go:104[0m server lease keep alive successful
[32m[info] [0m2021/06/25 03:29:53 [34m[space-service][0m [32mbaby-fried-rice/internal/pkg/kit/etcd/server.go:104[0m server lease keep alive successful
[32m[info] [0m2021/06/25 03:29:55 [34m[space-service][0m [32mbaby-fried-rice/internal/pkg/kit/etcd/server.go:104[0m server lease keep alive successful
[32m[info] [0m2021/06/25 03:29:57 [34m[space-service][0m [32mbaby-fried-rice/internal/pkg/kit/etcd/server.go:104[0m server lease keep alive successful
[32m[info] [0m2021/06/25 03:29:59 [34m[space-service][0m [32mbaby-fried-rice/internal/pkg/kit/etcd/server.go:104[0m server lease keep alive successful
[32m[info] [0m2021/06/25 03:30:01 [34m[space-service][0m [32mbaby-fried-rice/internal/pkg/kit/etcd/server.go:104[0m server lease keep alive successful
[32m[info] [0m2021/06/25 03:30:03 [34m[space-service][0m [32mbaby-fried-rice/internal/pkg/kit/etcd/server.go:104[0m server lease keep alive successful
[32m[info] [0m2021/06/25 03:30:05 [34m[space-service][0m [32mbaby-fried-rice/internal/pkg/kit/etcd/server.go:104[0m server lease keep alive successful
[32m[info] [0m2021/06/25 03:30:07 [34m[space-service][0m [32mbaby-fried-rice/internal/pkg/kit/etcd/server.go:104[0m server lease keep alive successful
[32m[info] [0m2021/06/25 03:30:09 [34m[space-service][0m [32mbaby-fried-rice/internal/pkg/kit/etcd/server.go:104[0m server lease keep alive successful
[32m[info] [0m2021/06/25 03:30:11 [34m[space-service][0m [32mbaby-fried-rice/internal/pkg/kit/etcd/server.go:104[0m server lease keep alive successful
[32m[info] [0m2021/06/25 03:30:13 [34m[space-service][0m [32mbaby-fried-rice/internal/pkg/kit/etcd/server.go:104[0m server lease keep alive successful
[32m[info] [0m2021/06/25 03:30:15 [34m[space-service][0m [32mbaby-fried-rice/internal/pkg/kit/etcd/server.go:104[0m server lease keep alive successful
[32m[info] [0m2021/06/25 03:30:17 [34m[space-service][0m [32mbaby-fried-rice/internal/pkg/kit/etcd/server.go:104[0m server lease keep alive successful
[32m[info] [0m2021/06/25 03:30:19 [34m[space-service][0m [32mbaby-fried-rice/internal/pkg/kit/etcd/server.go:104[0m server lease keep alive successful
[32m[info] [0m2021/06/25 03:30:21 [34m[space-service][0m [32mbaby-fried-rice/internal/pkg/kit/etcd/server.go:104[0m server lease keep alive successful
[32m[info] [0m2021/06/25 03:31:21 [34m[space-service][0m [32mbaby-fried-rice/internal/pkg/module/space/main.go:28[0m log init successful
[32m[info] [0m2021/06/25 03:31:58 [34m[space-service][0m [32mbaby-fried-rice/internal/pkg/module/space/main.go:28[0m log init successful
[32m[info] [0m2021/06/25 03:31:58 [34m[space-service][0m [32mbaby-fried-rice/internal/pkg/module/space/main.go:39[0m register server init successful
[32m[info] [0m2021/06/25 03:31:58 [34m[space-service][0m [32mbaby-fried-rice/internal/pkg/module/space/main.go:49[0m server register successful
[32m[info] [0m2021/06/25 03:31:58 [34m[space-service][0m [32mbaby-fried-rice/internal/pkg/module/space/main.go:70[0m server run successful
[32m[info] [0m2021/06/25 03:32:00 [34m[space-service][0m [32mbaby-fried-rice/internal/pkg/kit/etcd/server.go:104[0m server lease keep alive successful
[32m[info] [0m2021/06/25 03:32:02 [34m[space-service][0m [32mbaby-fried-rice/internal/pkg/kit/etcd/server.go:104[0m server lease keep alive successful
[32m[info] [0m2021/06/25 03:32:04 [34m[space-service][0m [32mbaby-fried-rice/internal/pkg/kit/etcd/server.go:104[0m server lease keep alive successful
[32m[info] [0m2021/06/25 03:32:06 [34m[space-service][0m [32mbaby-fried-rice/internal/pkg/kit/etcd/server.go:104[0m server lease keep alive successful
[32m[info] [0m2021/06/25 03:32:08 [34m[space-service][0m [32mbaby-fried-rice/internal/pkg/kit/etcd/server.go:104[0m server lease keep alive successful
[32m[info] [0m2021/06/25 03:32:10 [34m[space-service][0m [32mbaby-fried-rice/internal/pkg/kit/etcd/server.go:104[0m server lease keep alive successful
[32m[info] [0m2021/06/25 03:32:12 [34m[space-service][0m [32mbaby-fried-rice/internal/pkg/kit/etcd/server.go:104[0m server lease keep alive successful
[32m[info] [0m2021/06/25 03:32:14 [34m[space-service][0m [32mbaby-fried-rice/internal/pkg/kit/etcd/server.go:104[0m server lease keep alive successful
[32m[info] [0m2021/06/25 03:32:16 [34m[space-service][0m [32mbaby-fried-rice/internal/pkg/kit/etcd/server.go:104[0m server lease keep alive successful
[32m[info] [0m2021/06/25 03:32:18 [34m[space-service][0m [32mbaby-fried-rice/internal/pkg/kit/etcd/server.go:104[0m server lease keep alive successful
[32m[info] [0m2021/06/25 03:32:20 [34m[space-service][0m [32mbaby-fried-rice/internal/pkg/kit/etcd/server.go:104[0m server lease keep alive successful
[32m[info] [0m2021/06/25 03:32:22 [34m[space-service][0m [32mbaby-fried-rice/internal/pkg/kit/etcd/server.go:104[0m server lease keep alive successful
[32m[info] [0m2021/06/25 03:32:24 [34m[space-service][0m [32mbaby-fried-rice/internal/pkg/kit/etcd/server.go:104[0m server lease keep alive successful
[32m[info] [0m2021/06/25 03:32:26 [34m[space-service][0m [32mbaby-fried-rice/internal/pkg/kit/etcd/server.go:104[0m server lease keep alive successful
[32m[info] [0m2021/06/25 03:32:28 [34m[space-service][0m [32mbaby-fried-rice/internal/pkg/kit/etcd/server.go:104[0m server lease keep alive successful
[32m[info] [0m2021/06/25 03:32:30 [34m[space-service][0m [32mbaby-fried-rice/internal/pkg/kit/etcd/server.go:104[0m server lease keep alive successful
[32m[info] [0m2021/06/25 03:32:32 [34m[space-service][0m [32mbaby-fried-rice/internal/pkg/kit/etcd/server.go:104[0m server lease keep alive successful
[32m[info] [0m2021/06/25 03:32:34 [34m[space-service][0m [32mbaby-fried-rice/internal/pkg/kit/etcd/server.go:104[0m server lease keep alive successful
[32m[info] [0m2021/06/25 03:32:36 [34m[space-service][0m [32mbaby-fried-rice/internal/pkg/kit/etcd/server.go:104[0m server lease keep alive successful
[32m[info] [0m2021/06/25 03:32:38 [34m[space-service][0m [32mbaby-fried-rice/internal/pkg/kit/etcd/server.go:104[0m server lease keep alive successful
[32m[info] [0m2021/06/25 03:32:40 [34m[space-service][0m [32mbaby-fried-rice/internal/pkg/kit/etcd/server.go:104[0m server lease keep alive successful
[32m[info] [0m2021/06/25 03:32:42 [34m[space-service][0m [32mbaby-fried-rice/internal/pkg/kit/etcd/server.go:104[0m server lease keep alive successful
[32m[info] [0m2021/06/25 03:32:44 [34m[space-service][0m [32mbaby-fried-rice/internal/pkg/kit/etcd/server.go:104[0m server lease keep alive successful
[32m[info] [0m2021/06/25 03:32:46 [34m[space-service][0m [32mbaby-fried-rice/internal/pkg/kit/etcd/server.go:104[0m server lease keep alive successful
[32m[info] [0m2021/06/25 03:32:48 [34m[space-service][0m [32mbaby-fried-rice/internal/pkg/kit/etcd/server.go:104[0m server lease keep alive successful
[32m[info] [0m2021/06/25 03:32:50 [34m[space-service][0m [32mbaby-fried-rice/internal/pkg/kit/etcd/server.go:104[0m server lease keep alive successful
[32m[info] [0m2021/06/25 03:32:52 [34m[space-service][0m [32mbaby-fried-rice/internal/pkg/kit/etcd/server.go:104[0m server lease keep alive successful
[32m[info] [0m2021/06/25 03:32:54 [34m[space-service][0m [32mbaby-fried-rice/internal/pkg/kit/etcd/server.go:104[0m server lease keep alive successful
[32m[info] [0m2021/06/25 03:32:56 [34m[space-service][0m [32mbaby-fried-rice/internal/pkg/kit/etcd/server.go:104[0m server lease keep alive successful
[32m[info] [0m2021/06/25 03:32:58 [34m[space-service][0m [32mbaby-fried-rice/internal/pkg/kit/etcd/server.go:104[0m server lease keep alive successful
[32m[info] [0m2021/06/25 03:33:00 [34m[space-service][0m [32mbaby-fried-rice/internal/pkg/kit/etcd/server.go:104[0m server lease keep alive successful
[32m[info] [0m2021/06/25 03:33:02 [34m[space-service][0m [32mbaby-fried-rice/internal/pkg/kit/etcd/server.go:104[0m server lease keep alive successful
[32m[info] [0m2021/06/25 03:33:04 [34m[space-service][0m [32mbaby-fried-rice/internal/pkg/kit/etcd/server.go:104[0m server lease keep alive successful
[32m[info] [0m2021/06/25 03:33:06 [34m[space-service][0m [32mbaby-fried-rice/internal/pkg/kit/etcd/server.go:104[0m server lease keep alive successful
[32m[info] [0m2021/06/25 03:33:08 [34m[space-service][0m [32mbaby-fried-rice/internal/pkg/kit/etcd/server.go:104[0m server lease keep alive successful
[32m[info] [0m2021/06/25 03:33:10 [34m[space-service][0m [32mbaby-fried-rice/internal/pkg/kit/etcd/server.go:104[0m server lease keep alive successful
[32m[info] [0m2021/06/25 03:33:12 [34m[space-service][0m [32mbaby-fried-rice/internal/pkg/kit/etcd/server.go:104[0m server lease keep alive successful
[32m[info] [0m2021/06/25 03:33:14 [34m[space-service][0m [32mbaby-fried-rice/internal/pkg/kit/etcd/server.go:104[0m server lease keep alive successful
[32m[info] [0m2021/06/25 03:33:16 [34m[space-service][0m [32mbaby-fried-rice/internal/pkg/kit/etcd/server.go:104[0m server lease keep alive successful
[32m[info] [0m2021/06/25 03:33:18 [34m[space-service][0m [32mbaby-fried-rice/internal/pkg/kit/etcd/server.go:104[0m server lease keep alive successful
[32m[info] [0m2021/06/25 03:33:20 [34m[space-service][0m [32mbaby-fried-rice/internal/pkg/kit/etcd/server.go:104[0m server lease keep alive successful
[32m[info] [0m2021/06/25 03:33:22 [34m[space-service][0m [32mbaby-fried-rice/internal/pkg/kit/etcd/server.go:104[0m server lease keep alive successful
[32m[info] [0m2021/06/25 03:33:24 [34m[space-service][0m [32mbaby-fried-rice/internal/pkg/kit/etcd/server.go:104[0m server lease keep alive successful
[32m[info] [0m2021/06/25 03:33:26 [34m[space-service][0m [32mbaby-fried-rice/internal/pkg/kit/etcd/server.go:104[0m server lease keep alive successful
[32m[info] [0m2021/06/25 03:33:28 [34m[space-service][0m [32mbaby-fried-rice/internal/pkg/kit/etcd/server.go:104[0m server lease keep alive successful
[32m[info] [0m2021/06/25 03:33:30 [34m[space-service][0m [32mbaby-fried-rice/internal/pkg/kit/etcd/server.go:104[0m server lease keep alive successful
[32m[info] [0m2021/06/25 03:33:32 [34m[space-service][0m [32mbaby-fried-rice/internal/pkg/kit/etcd/server.go:104[0m server lease keep alive successful
[32m[info] [0m2021/06/25 03:33:34 [34m[space-service][0m [32mbaby-fried-rice/internal/pkg/kit/etcd/server.go:104[0m server lease keep alive successful
[32m[info] [0m2021/06/25 03:33:36 [34m[space-service][0m [32mbaby-fried-rice/internal/pkg/kit/etcd/server.go:104[0m server lease keep alive successful
[32m[info] [0m2021/06/25 03:33:38 [34m[space-service][0m [32mbaby-fried-rice/internal/pkg/kit/etcd/server.go:104[0m server lease keep alive successful
[32m[info] [0m2021/06/25 03:33:40 [34m[space-service][0m [32mbaby-fried-rice/internal/pkg/kit/etcd/server.go:104[0m server lease keep alive successful
[32m[info] [0m2021/06/25 03:33:42 [34m[space-service][0m [32mbaby-fried-rice/internal/pkg/kit/etcd/server.go:104[0m server lease keep alive successful
[32m[info] [0m2021/06/25 03:33:44 [34m[space-service][0m [32mbaby-fried-rice/internal/pkg/kit/etcd/server.go:104[0m server lease keep alive successful
[32m[info] [0m2021/06/25 03:33:46 [34m[space-service][0m [32mbaby-fried-rice/internal/pkg/kit/etcd/server.go:104[0m server lease keep alive successful
[32m[info] [0m2021/06/25 03:33:48 [34m[space-service][0m [32mbaby-fried-rice/internal/pkg/kit/etcd/server.go:104[0m server lease keep alive successful
[32m[info] [0m2021/06/25 03:33:50 [34m[space-service][0m [32mbaby-fried-rice/internal/pkg/kit/etcd/server.go:104[0m server lease keep alive successful
[32m[info] [0m2021/06/25 03:33:52 [34m[space-service][0m [32mbaby-fried-rice/internal/pkg/kit/etcd/server.go:104[0m server lease keep alive successful
[32m[info] [0m2021/06/25 03:33:54 [34m[space-service][0m [32mbaby-fried-rice/internal/pkg/kit/etcd/server.go:104[0m server lease keep alive successful
[32m[info] [0m2021/06/25 03:33:56 [34m[space-service][0m [32mbaby-fried-rice/internal/pkg/kit/etcd/server.go:104[0m server lease keep alive successful
[32m[info] [0m2021/06/25 03:33:58 [34m[space-service][0m [32mbaby-fried-rice/internal/pkg/kit/etcd/server.go:104[0m server lease keep alive successful
[32m[info] [0m2021/06/25 03:34:00 [34m[space-service][0m [32mbaby-fried-rice/internal/pkg/kit/etcd/server.go:104[0m server lease keep alive successful
[32m[info] [0m2021/06/25 03:34:02 [34m[space-service][0m [32mbaby-fried-rice/internal/pkg/kit/etcd/server.go:104[0m server lease keep alive successful
[32m[info] [0m2021/06/25 03:34:04 [34m[space-service][0m [32mbaby-fried-rice/internal/pkg/kit/etcd/server.go:104[0m server lease keep alive successful
[32m[info] [0m2021/06/25 03:34:06 [34m[space-service][0m [32mbaby-fried-rice/internal/pkg/kit/etcd/server.go:104[0m server lease keep alive successful
[32m[info] [0m2021/06/25 03:34:08 [34m[space-service][0m [32mbaby-fried-rice/internal/pkg/kit/etcd/server.go:104[0m server lease keep alive successful
[32m[info] [0m2021/06/25 03:34:10 [34m[space-service][0m [32mbaby-fried-rice/internal/pkg/kit/etcd/server.go:104[0m server lease keep alive successful
[32m[info] [0m2021/06/25 03:34:12 [34m[space-service][0m [32mbaby-fried-rice/internal/pkg/kit/etcd/server.go:104[0m server lease keep alive successful
[32m[info] [0m2021/06/25 03:34:14 [34m[space-service][0m [32mbaby-fried-rice/internal/pkg/kit/etcd/server.go:104[0m server lease keep alive successful
[32m[info] [0m2021/06/25 03:34:16 [34m[space-service][0m [32mbaby-fried-rice/internal/pkg/kit/etcd/server.go:104[0m server lease keep alive successful
[32m[info] [0m2021/06/25 03:34:18 [34m[space-service][0m [32mbaby-fried-rice/internal/pkg/kit/etcd/server.go:104[0m server lease keep alive successful
[32m[info] [0m2021/06/25 03:34:20 [34m[space-service][0m [32mbaby-fried-rice/internal/pkg/kit/etcd/server.go:104[0m server lease keep alive successful
[32m[info] [0m2021/06/25 03:34:22 [34m[space-service][0m [32mbaby-fried-rice/internal/pkg/kit/etcd/server.go:104[0m server lease keep alive successful
[32m[info] [0m2021/06/25 03:34:24 [34m[space-service][0m [32mbaby-fried-rice/internal/pkg/kit/etcd/server.go:104[0m server lease keep alive successful
[32m[info] [0m2021/06/25 03:34:26 [34m[space-service][0m [32mbaby-fried-rice/internal/pkg/kit/etcd/server.go:104[0m server lease keep alive successful
[32m[info] [0m2021/06/25 03:34:28 [34m[space-service][0m [32mbaby-fried-rice/internal/pkg/kit/etcd/server.go:104[0m server lease keep alive successful
[32m[info] [0m2021/06/25 03:34:30 [34m[space-service][0m [32mbaby-fried-rice/internal/pkg/kit/etcd/server.go:104[0m server lease keep alive successful
[32m[info] [0m2021/06/25 03:34:32 [34m[space-service][0m [32mbaby-fried-rice/internal/pkg/kit/etcd/server.go:104[0m server lease keep alive successful
[32m[info] [0m2021/06/25 03:34:34 [34m[space-service][0m [32mbaby-fried-rice/internal/pkg/kit/etcd/server.go:104[0m server lease keep alive successful
[32m[info] [0m2021/06/25 03:34:36 [34m[space-service][0m [32mbaby-fried-rice/internal/pkg/kit/etcd/server.go:104[0m server lease keep alive successful
[32m[info] [0m2021/06/25 03:34:38 [34m[space-service][0m [32mbaby-fried-rice/internal/pkg/kit/etcd/server.go:104[0m server lease keep alive successful
[32m[info] [0m2021/06/25 03:34:40 [34m[space-service][0m [32mbaby-fried-rice/internal/pkg/kit/etcd/server.go:104[0m server lease keep alive successful
[32m[info] [0m2021/06/25 03:34:42 [34m[space-service][0m [32mbaby-fried-rice/internal/pkg/kit/etcd/server.go:104[0m server lease keep alive successful
[32m[info] [0m2021/06/25 03:34:44 [34m[space-service][0m [32mbaby-fried-rice/internal/pkg/kit/etcd/server.go:104[0m server lease keep alive successful
[32m[info] [0m2021/06/25 03:34:46 [34m[space-service][0m [32mbaby-fried-rice/internal/pkg/kit/etcd/server.go:104[0m server lease keep alive successful
[32m[info] [0m2021/06/25 03:34:48 [34m[space-service][0m [32mbaby-fried-rice/internal/pkg/kit/etcd/server.go:104[0m server lease keep alive successful
[32m[info] [0m2021/06/25 03:34:50 [34m[space-service][0m [32mbaby-fried-rice/internal/pkg/kit/etcd/server.go:104[0m server lease keep alive successful
[32m[info] [0m2021/06/25 03:34:52 [34m[space-service][0m [32mbaby-fried-rice/internal/pkg/kit/etcd/server.go:104[0m server lease keep alive successful
[32m[info] [0m2021/06/25 03:34:54 [34m[space-service][0m [32mbaby-fried-rice/internal/pkg/kit/etcd/server.go:104[0m server lease keep alive successful
[32m[info] [0m2021/06/25 03:34:56 [34m[space-service][0m [32mbaby-fried-rice/internal/pkg/kit/etcd/server.go:104[0m server lease keep alive successful
[32m[info] [0m2021/06/25 03:34:58 [34m[space-service][0m [32mbaby-fried-rice/internal/pkg/kit/etcd/server.go:104[0m server lease keep alive successful
[32m[info] [0m2021/06/25 03:35:00 [34m[space-service][0m [32mbaby-fried-rice/internal/pkg/kit/etcd/server.go:104[0m server lease keep alive successful
[32m[info] [0m2021/06/25 03:35:02 [34m[space-service][0m [32mbaby-fried-rice/internal/pkg/kit/etcd/server.go:104[0m server lease keep alive successful
[32m[info] [0m2021/06/25 03:35:04 [34m[space-service][0m [32mbaby-fried-rice/internal/pkg/kit/etcd/server.go:104[0m server lease keep alive successful
[32m[info] [0m2021/06/25 03:35:06 [34m[space-service][0m [32mbaby-fried-rice/internal/pkg/kit/etcd/server.go:104[0m server lease keep alive successful
[32m[info] [0m2021/06/25 03:35:08 [34m[space-service][0m [32mbaby-fried-rice/internal/pkg/kit/etcd/server.go:104[0m server lease keep alive successful
[32m[info] [0m2021/06/25 03:35:10 [34m[space-service][0m [32mbaby-fried-rice/internal/pkg/kit/etcd/server.go:104[0m server lease keep alive successful
[32m[info] [0m2021/06/25 03:35:12 [34m[space-service][0m [32mbaby-fried-rice/internal/pkg/kit/etcd/server.go:104[0m server lease keep alive successful
[32m[info] [0m2021/06/25 03:35:14 [34m[space-service][0m [32mbaby-fried-rice/internal/pkg/kit/etcd/server.go:104[0m server lease keep alive successful
[32m[info] [0m2021/06/25 03:35:16 [34m[space-service][0m [32mbaby-fried-rice/internal/pkg/kit/etcd/server.go:104[0m server lease keep alive successful
[32m[info] [0m2021/06/25 03:35:18 [34m[space-service][0m [32mbaby-fried-rice/internal/pkg/kit/etcd/server.go:104[0m server lease keep alive successful
[32m[info] [0m2021/06/25 03:35:20 [34m[space-service][0m [32mbaby-fried-rice/internal/pkg/kit/etcd/server.go:104[0m server lease keep alive successful
[32m[info] [0m2021/06/25 03:35:22 [34m[space-service][0m [32mbaby-fried-rice/internal/pkg/kit/etcd/server.go:104[0m server lease keep alive successful
[32m[info] [0m2021/06/25 03:35:24 [34m[space-service][0m [32mbaby-fried-rice/internal/pkg/kit/etcd/server.go:104[0m server lease keep alive successful
[32m[info] [0m2021/06/25 03:35:26 [34m[space-service][0m [32mbaby-fried-rice/internal/pkg/kit/etcd/server.go:104[0m server lease keep alive successful
[32m[info] [0m2021/06/25 03:35:28 [34m[space-service][0m [32mbaby-fried-rice/internal/pkg/kit/etcd/server.go:104[0m server lease keep alive successful
[32m[info] [0m2021/06/25 03:35:30 [34m[space-service][0m [32mbaby-fried-rice/internal/pkg/kit/etcd/server.go:104[0m server lease keep alive successful
[32m[info] [0m2021/06/25 03:35:32 [34m[space-service][0m [32mbaby-fried-rice/internal/pkg/kit/etcd/server.go:104[0m server lease keep alive successful
[32m[info] [0m2021/06/25 03:35:34 [34m[space-service][0m [32mbaby-fried-rice/internal/pkg/kit/etcd/server.go:104[0m server lease keep alive successful
[32m[info] [0m2021/06/25 03:35:36 [34m[space-service][0m [32mbaby-fried-rice/internal/pkg/kit/etcd/server.go:104[0m server lease keep alive successful
[32m[info] [0m2021/06/25 03:35:38 [34m[space-service][0m [32mbaby-fried-rice/internal/pkg/kit/etcd/server.go:104[0m server lease keep alive successful
[32m[info] [0m2021/06/25 03:35:40 [34m[space-service][0m [32mbaby-fried-rice/internal/pkg/kit/etcd/server.go:104[0m server lease keep alive successful
[32m[info] [0m2021/06/25 03:35:42 [34m[space-service][0m [32mbaby-fried-rice/internal/pkg/kit/etcd/server.go:104[0m server lease keep alive successful
[32m[info] [0m2021/06/25 03:35:44 [34m[space-service][0m [32mbaby-fried-rice/internal/pkg/kit/etcd/server.go:104[0m server lease keep alive successful
[32m[info] [0m2021/06/25 03:35:46 [34m[space-service][0m [32mbaby-fried-rice/internal/pkg/kit/etcd/server.go:104[0m server lease keep alive successful
[32m[info] [0m2021/06/25 03:35:48 [34m[space-service][0m [32mbaby-fried-rice/internal/pkg/kit/etcd/server.go:104[0m server lease keep alive successful
[32m[info] [0m2021/06/25 03:35:50 [34m[space-service][0m [32mbaby-fried-rice/internal/pkg/kit/etcd/server.go:104[0m server lease keep alive successful
[32m[info] [0m2021/06/25 03:35:52 [34m[space-service][0m [32mbaby-fried-rice/internal/pkg/kit/etcd/server.go:104[0m server lease keep alive successful
[32m[info] [0m2021/06/25 03:35:54 [34m[space-service][0m [32mbaby-fried-rice/internal/pkg/kit/etcd/server.go:104[0m server lease keep alive successful
[32m[info] [0m2021/06/25 03:35:56 [34m[space-service][0m [32mbaby-fried-rice/internal/pkg/kit/etcd/server.go:104[0m server lease keep alive successful
[32m[info] [0m2021/06/25 03:35:58 [34m[space-service][0m [32mbaby-fried-rice/internal/pkg/kit/etcd/server.go:104[0m server lease keep alive successful
[32m[info] [0m2021/06/25 03:36:00 [34m[space-service][0m [32mbaby-fried-rice/internal/pkg/kit/etcd/server.go:104[0m server lease keep alive successful
[32m[info] [0m2021/06/25 03:36:02 [34m[space-service][0m [32mbaby-fried-rice/internal/pkg/kit/etcd/server.go:104[0m server lease keep alive successful
[32m[info] [0m2021/06/25 03:36:04 [34m[space-service][0m [32mbaby-fried-rice/internal/pkg/kit/etcd/server.go:104[0m server lease keep alive successful
[32m[info] [0m2021/06/25 03:36:06 [34m[space-service][0m [32mbaby-fried-rice/internal/pkg/kit/etcd/server.go:104[0m server lease keep alive successful
[32m[info] [0m2021/06/25 03:36:08 [34m[space-service][0m [32mbaby-fried-rice/internal/pkg/kit/etcd/server.go:104[0m server lease keep alive successful
[32m[info] [0m2021/06/25 03:36:10 [34m[space-service][0m [32mbaby-fried-rice/internal/pkg/kit/etcd/server.go:104[0m server lease keep alive successful
[32m[info] [0m2021/06/25 03:36:12 [34m[space-service][0m [32mbaby-fried-rice/internal/pkg/kit/etcd/server.go:104[0m server lease keep alive successful
[32m[info] [0m2021/06/25 03:36:14 [34m[space-service][0m [32mbaby-fried-rice/internal/pkg/kit/etcd/server.go:104[0m server lease keep alive successful
[32m[info] [0m2021/06/25 03:36:16 [34m[space-service][0m [32mbaby-fried-rice/internal/pkg/kit/etcd/server.go:104[0m server lease keep alive successful
[32m[info] [0m2021/06/25 03:36:18 [34m[space-service][0m [32mbaby-fried-rice/internal/pkg/kit/etcd/server.go:104[0m server lease keep alive successful
[32m[info] [0m2021/06/25 03:36:20 [34m[space-service][0m [32mbaby-fried-rice/internal/pkg/kit/etcd/server.go:104[0m server lease keep alive successful
[32m[info] [0m2021/06/25 03:36:22 [34m[space-service][0m [32mbaby-fried-rice/internal/pkg/kit/etcd/server.go:104[0m server lease keep alive successful
[32m[info] [0m2021/06/25 03:36:24 [34m[space-service][0m [32mbaby-fried-rice/internal/pkg/kit/etcd/server.go:104[0m server lease keep alive successful
[32m[info] [0m2021/06/25 03:36:26 [34m[space-service][0m [32mbaby-fried-rice/internal/pkg/kit/etcd/server.go:104[0m server lease keep alive successful
[32m[info] [0m2021/06/25 03:36:28 [34m[space-service][0m [32mbaby-fried-rice/internal/pkg/kit/etcd/server.go:104[0m server lease keep alive successful
[32m[info] [0m2021/06/25 03:36:30 [34m[space-service][0m [32mbaby-fried-rice/internal/pkg/kit/etcd/server.go:104[0m server lease keep alive successful
[32m[info] [0m2021/06/25 03:36:32 [34m[space-service][0m [32mbaby-fried-rice/internal/pkg/kit/etcd/server.go:104[0m server lease keep alive successful
[32m[info] [0m2021/06/25 03:36:34 [34m[space-service][0m [32mbaby-fried-rice/internal/pkg/kit/etcd/server.go:104[0m server lease keep alive successful
[32m[info] [0m2021/06/25 03:36:36 [34m[space-service][0m [32mbaby-fried-rice/internal/pkg/kit/etcd/server.go:104[0m server lease keep alive successful
[32m[info] [0m2021/06/25 03:36:38 [34m[space-service][0m [32mbaby-fried-rice/internal/pkg/kit/etcd/server.go:104[0m server lease keep alive successful
[32m[info] [0m2021/06/25 03:36:40 [34m[space-service][0m [32mbaby-fried-rice/internal/pkg/kit/etcd/server.go:104[0m server lease keep alive successful
[32m[info] [0m2021/06/25 03:36:42 [34m[space-service][0m [32mbaby-fried-rice/internal/pkg/kit/etcd/server.go:104[0m server lease keep alive successful
[32m[info] [0m2021/06/25 03:36:44 [34m[space-service][0m [32mbaby-fried-rice/internal/pkg/kit/etcd/server.go:104[0m server lease keep alive successful
[32m[info] [0m2021/06/25 03:36:46 [34m[space-service][0m [32mbaby-fried-rice/internal/pkg/kit/etcd/server.go:104[0m server lease keep alive successful
[32m[info] [0m2021/06/25 03:36:48 [34m[space-service][0m [32mbaby-fried-rice/internal/pkg/kit/etcd/server.go:104[0m server lease keep alive successful
[32m[info] [0m2021/06/25 03:36:50 [34m[space-service][0m [32mbaby-fried-rice/internal/pkg/kit/etcd/server.go:104[0m server lease keep alive successful
[32m[info] [0m2021/06/25 03:36:52 [34m[space-service][0m [32mbaby-fried-rice/internal/pkg/kit/etcd/server.go:104[0m server lease keep alive successful
[32m[info] [0m2021/06/25 03:36:54 [34m[space-service][0m [32mbaby-fried-rice/internal/pkg/kit/etcd/server.go:104[0m server lease keep alive successful
[32m[info] [0m2021/06/25 03:36:56 [34m[space-service][0m [32mbaby-fried-rice/internal/pkg/kit/etcd/server.go:104[0m server lease keep alive successful
[32m[info] [0m2021/06/25 03:36:58 [34m[space-service][0m [32mbaby-fried-rice/internal/pkg/kit/etcd/server.go:104[0m server lease keep alive successful
[32m[info] [0m2021/06/25 03:37:00 [34m[space-service][0m [32mbaby-fried-rice/internal/pkg/kit/etcd/server.go:104[0m server lease keep alive successful
[32m[info] [0m2021/06/25 03:37:02 [34m[space-service][0m [32mbaby-fried-rice/internal/pkg/kit/etcd/server.go:104[0m server lease keep alive successful
[32m[info] [0m2021/06/25 03:37:04 [34m[space-service][0m [32mbaby-fried-rice/internal/pkg/kit/etcd/server.go:104[0m server lease keep alive successful
[32m[info] [0m2021/06/25 03:37:06 [34m[space-service][0m [32mbaby-fried-rice/internal/pkg/kit/etcd/server.go:104[0m server lease keep alive successful
[32m[info] [0m2021/06/25 03:37:08 [34m[space-service][0m [32mbaby-fried-rice/internal/pkg/kit/etcd/server.go:104[0m server lease keep alive successful
[32m[info] [0m2021/06/25 03:37:10 [34m[space-service][0m [32mbaby-fried-rice/internal/pkg/kit/etcd/server.go:104[0m server lease keep alive successful
[32m[info] [0m2021/06/25 03:37:12 [34m[space-service][0m [32mbaby-fried-rice/internal/pkg/kit/etcd/server.go:104[0m server lease keep alive successful
[32m[info] [0m2021/06/25 03:37:14 [34m[space-service][0m [32mbaby-fried-rice/internal/pkg/kit/etcd/server.go:104[0m server lease keep alive successful
[32m[info] [0m2021/06/25 03:37:16 [34m[space-service][0m [32mbaby-fried-rice/internal/pkg/kit/etcd/server.go:104[0m server lease keep alive successful
[32m[info] [0m2021/06/25 03:37:18 [34m[space-service][0m [32mbaby-fried-rice/internal/pkg/kit/etcd/server.go:104[0m server lease keep alive successful
[32m[info] [0m2021/06/25 03:37:20 [34m[space-service][0m [32mbaby-fried-rice/internal/pkg/kit/etcd/server.go:104[0m server lease keep alive successful
[32m[info] [0m2021/06/25 03:37:22 [34m[space-service][0m [32mbaby-fried-rice/internal/pkg/kit/etcd/server.go:104[0m server lease keep alive successful
[32m[info] [0m2021/06/25 03:37:24 [34m[space-service][0m [32mbaby-fried-rice/internal/pkg/kit/etcd/server.go:104[0m server lease keep alive successful
[32m[info] [0m2021/06/25 03:37:26 [34m[space-service][0m [32mbaby-fried-rice/internal/pkg/kit/etcd/server.go:104[0m server lease keep alive successful
[32m[info] [0m2021/06/25 03:37:28 [34m[space-service][0m [32mbaby-fried-rice/internal/pkg/kit/etcd/server.go:104[0m server lease keep alive successful
[32m[info] [0m2021/06/25 03:37:30 [34m[space-service][0m [32mbaby-fried-rice/internal/pkg/kit/etcd/server.go:104[0m server lease keep alive successful
[32m[info] [0m2021/06/25 03:37:32 [34m[space-service][0m [32mbaby-fried-rice/internal/pkg/kit/etcd/server.go:104[0m server lease keep alive successful
[32m[info] [0m2021/06/25 03:37:34 [34m[space-service][0m [32mbaby-fried-rice/internal/pkg/kit/etcd/server.go:104[0m server lease keep alive successful
[32m[info] [0m2021/06/25 03:37:36 [34m[space-service][0m [32mbaby-fried-rice/internal/pkg/kit/etcd/server.go:104[0m server lease keep alive successful
[32m[info] [0m2021/06/25 03:37:38 [34m[space-service][0m [32mbaby-fried-rice/internal/pkg/kit/etcd/server.go:104[0m server lease keep alive successful
[32m[info] [0m2021/06/25 03:37:40 [34m[space-service][0m [32mbaby-fried-rice/internal/pkg/kit/etcd/server.go:104[0m server lease keep alive successful
[32m[info] [0m2021/06/25 03:37:42 [34m[space-service][0m [32mbaby-fried-rice/internal/pkg/kit/etcd/server.go:104[0m server lease keep alive successful
[32m[info] [0m2021/06/25 03:37:44 [34m[space-service][0m [32mbaby-fried-rice/internal/pkg/kit/etcd/server.go:104[0m server lease keep alive successful
[32m[info] [0m2021/06/25 03:37:46 [34m[space-service][0m [32mbaby-fried-rice/internal/pkg/kit/etcd/server.go:104[0m server lease keep alive successful
[32m[info] [0m2021/06/25 03:37:48 [34m[space-service][0m [32mbaby-fried-rice/internal/pkg/kit/etcd/server.go:104[0m server lease keep alive successful
[32m[info] [0m2021/06/25 03:37:50 [34m[space-service][0m [32mbaby-fried-rice/internal/pkg/kit/etcd/server.go:104[0m server lease keep alive successful
[32m[info] [0m2021/06/25 03:37:52 [34m[space-service][0m [32mbaby-fried-rice/internal/pkg/kit/etcd/server.go:104[0m server lease keep alive successful
[32m[info] [0m2021/06/25 03:37:54 [34m[space-service][0m [32mbaby-fried-rice/internal/pkg/kit/etcd/server.go:104[0m server lease keep alive successful
[32m[info] [0m2021/06/25 03:37:56 [34m[space-service][0m [32mbaby-fried-rice/internal/pkg/kit/etcd/server.go:104[0m server lease keep alive successful
[32m[info] [0m2021/06/25 03:37:58 [34m[space-service][0m [32mbaby-fried-rice/internal/pkg/kit/etcd/server.go:104[0m server lease keep alive successful
[32m[info] [0m2021/06/25 03:38:00 [34m[space-service][0m [32mbaby-fried-rice/internal/pkg/kit/etcd/server.go:104[0m server lease keep alive successful
[32m[info] [0m2021/06/25 03:38:02 [34m[space-service][0m [32mbaby-fried-rice/internal/pkg/kit/etcd/server.go:104[0m server lease keep alive successful
[32m[info] [0m2021/06/25 03:38:04 [34m[space-service][0m [32mbaby-fried-rice/internal/pkg/kit/etcd/server.go:104[0m server lease keep alive successful
[32m[info] [0m2021/06/25 03:38:06 [34m[space-service][0m [32mbaby-fried-rice/internal/pkg/kit/etcd/server.go:104[0m server lease keep alive successful
[32m[info] [0m2021/06/25 03:38:08 [34m[space-service][0m [32mbaby-fried-rice/internal/pkg/kit/etcd/server.go:104[0m server lease keep alive successful
[32m[info] [0m2021/06/25 03:38:10 [34m[space-service][0m [32mbaby-fried-rice/internal/pkg/kit/etcd/server.go:104[0m server lease keep alive successful
[32m[info] [0m2021/06/25 03:38:12 [34m[space-service][0m [32mbaby-fried-rice/internal/pkg/kit/etcd/server.go:104[0m server lease keep alive successful
[32m[info] [0m2021/06/25 03:38:14 [34m[space-service][0m [32mbaby-fried-rice/internal/pkg/kit/etcd/server.go:104[0m server lease keep alive successful
[32m[info] [0m2021/06/25 03:38:16 [34m[space-service][0m [32mbaby-fried-rice/internal/pkg/kit/etcd/server.go:104[0m server lease keep alive successful
[32m[info] [0m2021/06/25 03:38:18 [34m[space-service][0m [32mbaby-fried-rice/internal/pkg/kit/etcd/server.go:104[0m server lease keep alive successful
[32m[info] [0m2021/06/25 03:38:20 [34m[space-service][0m [32mbaby-fried-rice/internal/pkg/kit/etcd/server.go:104[0m server lease keep alive successful
[32m[info] [0m2021/06/25 03:38:22 [34m[space-service][0m [32mbaby-fried-rice/internal/pkg/kit/etcd/server.go:104[0m server lease keep alive successful
[32m[info] [0m2021/06/25 03:38:24 [34m[space-service][0m [32mbaby-fried-rice/internal/pkg/kit/etcd/server.go:104[0m server lease keep alive successful
[32m[info] [0m2021/06/25 03:38:26 [34m[space-service][0m [32mbaby-fried-rice/internal/pkg/kit/etcd/server.go:104[0m server lease keep alive successful
[32m[info] [0m2021/06/25 03:38:28 [34m[space-service][0m [32mbaby-fried-rice/internal/pkg/kit/etcd/server.go:104[0m server lease keep alive successful
[32m[info] [0m2021/06/25 03:38:30 [34m[space-service][0m [32mbaby-fried-rice/internal/pkg/kit/etcd/server.go:104[0m server lease keep alive successful
[32m[info] [0m2021/06/25 03:38:32 [34m[space-service][0m [32mbaby-fried-rice/internal/pkg/kit/etcd/server.go:104[0m server lease keep alive successful
[32m[info] [0m2021/06/25 03:38:34 [34m[space-service][0m [32mbaby-fried-rice/internal/pkg/kit/etcd/server.go:104[0m server lease keep alive successful
[32m[info] [0m2021/06/25 03:38:36 [34m[space-service][0m [32mbaby-fried-rice/internal/pkg/kit/etcd/server.go:104[0m server lease keep alive successful
[32m[info] [0m2021/06/25 03:38:38 [34m[space-service][0m [32mbaby-fried-rice/internal/pkg/kit/etcd/server.go:104[0m server lease keep alive successful
[32m[info] [0m2021/06/25 03:38:40 [34m[space-service][0m [32mbaby-fried-rice/internal/pkg/kit/etcd/server.go:104[0m server lease keep alive successful
[32m[info] [0m2021/06/25 03:38:42 [34m[space-service][0m [32mbaby-fried-rice/internal/pkg/kit/etcd/server.go:104[0m server lease keep alive successful
[32m[info] [0m2021/06/25 03:38:44 [34m[space-service][0m [32mbaby-fried-rice/internal/pkg/kit/etcd/server.go:104[0m server lease keep alive successful
[32m[info] [0m2021/06/25 03:38:46 [34m[space-service][0m [32mbaby-fried-rice/internal/pkg/kit/etcd/server.go:104[0m server lease keep alive successful
[32m[info] [0m2021/06/25 03:38:48 [34m[space-service][0m [32mbaby-fried-rice/internal/pkg/kit/etcd/server.go:104[0m server lease keep alive successful
[32m[info] [0m2021/06/25 03:38:50 [34m[space-service][0m [32mbaby-fried-rice/internal/pkg/kit/etcd/server.go:104[0m server lease keep alive successful
[32m[info] [0m2021/06/25 03:38:52 [34m[space-service][0m [32mbaby-fried-rice/internal/pkg/kit/etcd/server.go:104[0m server lease keep alive successful
[32m[info] [0m2021/06/25 03:38:54 [34m[space-service][0m [32mbaby-fried-rice/internal/pkg/kit/etcd/server.go:104[0m server lease keep alive successful
[32m[info] [0m2021/06/25 03:38:56 [34m[space-service][0m [32mbaby-fried-rice/internal/pkg/kit/etcd/server.go:104[0m server lease keep alive successful
[32m[info] [0m2021/06/25 03:38:58 [34m[space-service][0m [32mbaby-fried-rice/internal/pkg/kit/etcd/server.go:104[0m server lease keep alive successful
[32m[info] [0m2021/06/25 03:39:00 [34m[space-service][0m [32mbaby-fried-rice/internal/pkg/kit/etcd/server.go:104[0m server lease keep alive successful
[32m[info] [0m2021/06/25 03:39:02 [34m[space-service][0m [32mbaby-fried-rice/internal/pkg/kit/etcd/server.go:104[0m server lease keep alive successful
[32m[info] [0m2021/06/25 03:39:04 [34m[space-service][0m [32mbaby-fried-rice/internal/pkg/kit/etcd/server.go:104[0m server lease keep alive successful
[32m[info] [0m2021/06/25 03:39:06 [34m[space-service][0m [32mbaby-fried-rice/internal/pkg/kit/etcd/server.go:104[0m server lease keep alive successful
[32m[info] [0m2021/06/25 03:39:08 [34m[space-service][0m [32mbaby-fried-rice/internal/pkg/kit/etcd/server.go:104[0m server lease keep alive successful
[32m[info] [0m2021/06/25 03:39:10 [34m[space-service][0m [32mbaby-fried-rice/internal/pkg/kit/etcd/server.go:104[0m server lease keep alive successful
[32m[info] [0m2021/06/25 03:39:12 [34m[space-service][0m [32mbaby-fried-rice/internal/pkg/kit/etcd/server.go:104[0m server lease keep alive successful
[32m[info] [0m2021/06/25 03:39:14 [34m[space-service][0m [32mbaby-fried-rice/internal/pkg/kit/etcd/server.go:104[0m server lease keep alive successful
[32m[info] [0m2021/06/25 03:39:16 [34m[space-service][0m [32mbaby-fried-rice/internal/pkg/kit/etcd/server.go:104[0m server lease keep alive successful
[32m[info] [0m2021/06/25 03:39:18 [34m[space-service][0m [32mbaby-fried-rice/internal/pkg/kit/etcd/server.go:104[0m server lease keep alive successful
[32m[info] [0m2021/06/25 03:39:20 [34m[space-service][0m [32mbaby-fried-rice/internal/pkg/kit/etcd/server.go:104[0m server lease keep alive successful
[32m[info] [0m2021/06/25 03:39:22 [34m[space-service][0m [32mbaby-fried-rice/internal/pkg/kit/etcd/server.go:104[0m server lease keep alive successful
[32m[info] [0m2021/06/25 03:39:24 [34m[space-service][0m [32mbaby-fried-rice/internal/pkg/kit/etcd/server.go:104[0m server lease keep alive successful
[32m[info] [0m2021/06/25 03:39:26 [34m[space-service][0m [32mbaby-fried-rice/internal/pkg/kit/etcd/server.go:104[0m server lease keep alive successful
[32m[info] [0m2021/06/25 03:39:28 [34m[space-service][0m [32mbaby-fried-rice/internal/pkg/kit/etcd/server.go:104[0m server lease keep alive successful
[32m[info] [0m2021/06/25 03:39:30 [34m[space-service][0m [32mbaby-fried-rice/internal/pkg/kit/etcd/server.go:104[0m server lease keep alive successful
[32m[info] [0m2021/06/25 03:39:32 [34m[space-service][0m [32mbaby-fried-rice/internal/pkg/kit/etcd/server.go:104[0m server lease keep alive successful
[32m[info] [0m2021/06/25 03:39:34 [34m[space-service][0m [32mbaby-fried-rice/internal/pkg/kit/etcd/server.go:104[0m server lease keep alive successful
[32m[info] [0m2021/06/25 03:39:36 [34m[space-service][0m [32mbaby-fried-rice/internal/pkg/kit/etcd/server.go:104[0m server lease keep alive successful
[32m[info] [0m2021/06/25 03:39:38 [34m[space-service][0m [32mbaby-fried-rice/internal/pkg/kit/etcd/server.go:104[0m server lease keep alive successful
[32m[info] [0m2021/06/25 03:39:40 [34m[space-service][0m [32mbaby-fried-rice/internal/pkg/kit/etcd/server.go:104[0m server lease keep alive successful
[32m[info] [0m2021/06/25 03:39:42 [34m[space-service][0m [32mbaby-fried-rice/internal/pkg/kit/etcd/server.go:104[0m server lease keep alive successful
[32m[info] [0m2021/06/25 03:39:44 [34m[space-service][0m [32mbaby-fried-rice/internal/pkg/kit/etcd/server.go:104[0m server lease keep alive successful
[32m[info] [0m2021/06/25 03:39:46 [34m[space-service][0m [32mbaby-fried-rice/internal/pkg/kit/etcd/server.go:104[0m server lease keep alive successful
[32m[info] [0m2021/06/25 03:39:48 [34m[space-service][0m [32mbaby-fried-rice/internal/pkg/kit/etcd/server.go:104[0m server lease keep alive successful
[32m[info] [0m2021/06/25 03:39:50 [34m[space-service][0m [32mbaby-fried-rice/internal/pkg/kit/etcd/server.go:104[0m server lease keep alive successful
[32m[info] [0m2021/06/25 03:39:52 [34m[space-service][0m [32mbaby-fried-rice/internal/pkg/kit/etcd/server.go:104[0m server lease keep alive successful
[32m[info] [0m2021/06/25 03:39:54 [34m[space-service][0m [32mbaby-fried-rice/internal/pkg/kit/etcd/server.go:104[0m server lease keep alive successful
[32m[info] [0m2021/06/25 03:39:56 [34m[space-service][0m [32mbaby-fried-rice/internal/pkg/kit/etcd/server.go:104[0m server lease keep alive successful
[32m[info] [0m2021/06/25 03:39:58 [34m[space-service][0m [32mbaby-fried-rice/internal/pkg/kit/etcd/server.go:104[0m server lease keep alive successful
[32m[info] [0m2021/06/25 03:40:00 [34m[space-service][0m [32mbaby-fried-rice/internal/pkg/kit/etcd/server.go:104[0m server lease keep alive successful
[32m[info] [0m2021/06/25 03:40:02 [34m[space-service][0m [32mbaby-fried-rice/internal/pkg/kit/etcd/server.go:104[0m server lease keep alive successful
[32m[info] [0m2021/06/25 03:40:04 [34m[space-service][0m [32mbaby-fried-rice/internal/pkg/kit/etcd/server.go:104[0m server lease keep alive successful
[32m[info] [0m2021/06/25 03:40:06 [34m[space-service][0m [32mbaby-fried-rice/internal/pkg/kit/etcd/server.go:104[0m server lease keep alive successful
[32m[info] [0m2021/06/25 03:40:08 [34m[space-service][0m [32mbaby-fried-rice/internal/pkg/kit/etcd/server.go:104[0m server lease keep alive successful
[32m[info] [0m2021/06/25 03:40:10 [34m[space-service][0m [32mbaby-fried-rice/internal/pkg/kit/etcd/server.go:104[0m server lease keep alive successful
[32m[info] [0m2021/06/25 03:40:12 [34m[space-service][0m [32mbaby-fried-rice/internal/pkg/kit/etcd/server.go:104[0m server lease keep alive successful
[32m[info] [0m2021/06/25 03:40:14 [34m[space-service][0m [32mbaby-fried-rice/internal/pkg/kit/etcd/server.go:104[0m server lease keep alive successful
[32m[info] [0m2021/06/25 03:40:16 [34m[space-service][0m [32mbaby-fried-rice/internal/pkg/kit/etcd/server.go:104[0m server lease keep alive successful
[32m[info] [0m2021/06/25 03:40:18 [34m[space-service][0m [32mbaby-fried-rice/internal/pkg/kit/etcd/server.go:104[0m server lease keep alive successful
[32m[info] [0m2021/06/25 03:40:20 [34m[space-service][0m [32mbaby-fried-rice/internal/pkg/kit/etcd/server.go:104[0m server lease keep alive successful
[32m[info] [0m2021/06/25 03:40:22 [34m[space-service][0m [32mbaby-fried-rice/internal/pkg/kit/etcd/server.go:104[0m server lease keep alive successful
[32m[info] [0m2021/06/25 03:40:24 [34m[space-service][0m [32mbaby-fried-rice/internal/pkg/kit/etcd/server.go:104[0m server lease keep alive successful
[32m[info] [0m2021/06/25 03:40:26 [34m[space-service][0m [32mbaby-fried-rice/internal/pkg/kit/etcd/server.go:104[0m server lease keep alive successful
[32m[info] [0m2021/06/25 03:40:28 [34m[space-service][0m [32mbaby-fried-rice/internal/pkg/kit/etcd/server.go:104[0m server lease keep alive successful
[32m[info] [0m2021/06/25 03:40:30 [34m[space-service][0m [32mbaby-fried-rice/internal/pkg/kit/etcd/server.go:104[0m server lease keep alive successful
[32m[info] [0m2021/06/25 03:40:32 [34m[space-service][0m [32mbaby-fried-rice/internal/pkg/kit/etcd/server.go:104[0m server lease keep alive successful
[32m[info] [0m2021/06/25 03:40:34 [34m[space-service][0m [32mbaby-fried-rice/internal/pkg/kit/etcd/server.go:104[0m server lease keep alive successful
[32m[info] [0m2021/06/25 03:40:36 [34m[space-service][0m [32mbaby-fried-rice/internal/pkg/kit/etcd/server.go:104[0m server lease keep alive successful
[32m[info] [0m2021/06/25 03:40:38 [34m[space-service][0m [32mbaby-fried-rice/internal/pkg/kit/etcd/server.go:104[0m server lease keep alive successful
[32m[info] [0m2021/06/25 03:40:40 [34m[space-service][0m [32mbaby-fried-rice/internal/pkg/kit/etcd/server.go:104[0m server lease keep alive successful
[32m[info] [0m2021/06/25 03:40:42 [34m[space-service][0m [32mbaby-fried-rice/internal/pkg/kit/etcd/server.go:104[0m server lease keep alive successful
[32m[info] [0m2021/06/25 03:40:44 [34m[space-service][0m [32mbaby-fried-rice/internal/pkg/kit/etcd/server.go:104[0m server lease keep alive successful
[32m[info] [0m2021/06/25 03:40:46 [34m[space-service][0m [32mbaby-fried-rice/internal/pkg/kit/etcd/server.go:104[0m server lease keep alive successful
[32m[info] [0m2021/06/25 03:40:48 [34m[space-service][0m [32mbaby-fried-rice/internal/pkg/kit/etcd/server.go:104[0m server lease keep alive successful
[32m[info] [0m2021/06/25 03:40:50 [34m[space-service][0m [32mbaby-fried-rice/internal/pkg/kit/etcd/server.go:104[0m server lease keep alive successful
[32m[info] [0m2021/06/25 03:40:52 [34m[space-service][0m [32mbaby-fried-rice/internal/pkg/kit/etcd/server.go:104[0m server lease keep alive successful
[32m[info] [0m2021/06/25 03:40:54 [34m[space-service][0m [32mbaby-fried-rice/internal/pkg/kit/etcd/server.go:104[0m server lease keep alive successful
[32m[info] [0m2021/06/25 03:40:56 [34m[space-service][0m [32mbaby-fried-rice/internal/pkg/kit/etcd/server.go:104[0m server lease keep alive successful
[32m[info] [0m2021/06/25 03:40:58 [34m[space-service][0m [32mbaby-fried-rice/internal/pkg/kit/etcd/server.go:104[0m server lease keep alive successful
[32m[info] [0m2021/06/25 03:41:00 [34m[space-service][0m [32mbaby-fried-rice/internal/pkg/kit/etcd/server.go:104[0m server lease keep alive successful
[32m[info] [0m2021/06/25 03:41:02 [34m[space-service][0m [32mbaby-fried-rice/internal/pkg/kit/etcd/server.go:104[0m server lease keep alive successful
[32m[info] [0m2021/06/25 03:41:04 [34m[space-service][0m [32mbaby-fried-rice/internal/pkg/kit/etcd/server.go:104[0m server lease keep alive successful
[32m[info] [0m2021/06/25 03:41:06 [34m[space-service][0m [32mbaby-fried-rice/internal/pkg/kit/etcd/server.go:104[0m server lease keep alive successful
[32m[info] [0m2021/06/25 03:41:08 [34m[space-service][0m [32mbaby-fried-rice/internal/pkg/kit/etcd/server.go:104[0m server lease keep alive successful
[32m[info] [0m2021/06/25 03:41:10 [34m[space-service][0m [32mbaby-fried-rice/internal/pkg/kit/etcd/server.go:104[0m server lease keep alive successful
[32m[info] [0m2021/06/25 03:41:12 [34m[space-service][0m [32mbaby-fried-rice/internal/pkg/kit/etcd/server.go:104[0m server lease keep alive successful
[32m[info] [0m2021/06/25 03:41:14 [34m[space-service][0m [32mbaby-fried-rice/internal/pkg/kit/etcd/server.go:104[0m server lease keep alive successful
[32m[info] [0m2021/06/25 03:41:16 [34m[space-service][0m [32mbaby-fried-rice/internal/pkg/kit/etcd/server.go:104[0m server lease keep alive successful
[32m[info] [0m2021/06/25 03:41:18 [34m[space-service][0m [32mbaby-fried-rice/internal/pkg/kit/etcd/server.go:104[0m server lease keep alive successful
[32m[info] [0m2021/06/25 03:41:20 [34m[space-service][0m [32mbaby-fried-rice/internal/pkg/kit/etcd/server.go:104[0m server lease keep alive successful
[32m[info] [0m2021/06/25 03:41:22 [34m[space-service][0m [32mbaby-fried-rice/internal/pkg/kit/etcd/server.go:104[0m server lease keep alive successful
