[32m[info] [0m2021/06/25 02:54:06 [34m[user-account][0m [32mbaby-fried-rice/internal/pkg/module/userAccount/main.go:29[0m log init successful
[32m[info] [0m2021/06/25 02:54:06 [34m[user-account][0m [32mbaby-fried-rice/internal/pkg/module/userAccount/main.go:34[0m cache init successful
[32m[info] [0m2021/06/25 02:54:06 [34m[user-account][0m [32mbaby-fried-rice/internal/pkg/module/userAccount/main.go:40[0m register server init successful
[32m[info] [0m2021/06/25 02:54:06 [34m[user-account][0m [32mbaby-fried-rice/internal/pkg/module/userAccount/main.go:50[0m server register successful
[32m[info] [0m2021/06/25 02:54:06 [34m[user-account][0m [32mbaby-fried-rice/internal/pkg/module/userAccount/main.go:71[0m server run successful
[32m[info] [0m2021/06/25 02:54:08 [34m[user-account][0m [32mbaby-fried-rice/internal/pkg/kit/etcd/server.go:104[0m server lease keep alive successful
[32m[info] [0m2021/06/25 02:54:10 [34m[user-account][0m [32mbaby-fried-rice/internal/pkg/kit/etcd/server.go:104[0m server lease keep alive successful
[32m[info] [0m2021/06/25 02:54:12 [34m[user-account][0m [32mbaby-fried-rice/internal/pkg/kit/etcd/server.go:104[0m server lease keep alive successful
[32m[info] [0m2021/06/25 02:54:14 [34m[user-account][0m [32mbaby-fried-rice/internal/pkg/kit/etcd/server.go:104[0m server lease keep alive successful
[32m[info] [0m2021/06/25 02:54:16 [34m[user-account][0m [32mbaby-fried-rice/internal/pkg/kit/etcd/server.go:104[0m server lease keep alive successful
[32m[info] [0m2021/06/25 02:54:18 [34m[user-account][0m [32mbaby-fried-rice/internal/pkg/kit/etcd/server.go:104[0m server lease keep alive successful
[32m[info] [0m2021/06/25 02:54:20 [34m[user-account][0m [32mbaby-fried-rice/internal/pkg/kit/etcd/server.go:104[0m server lease keep alive successful
[32m[info] [0m2021/06/25 02:54:22 [34m[user-account][0m [32mbaby-fried-rice/internal/pkg/kit/etcd/server.go:104[0m server lease keep alive successful
[32m[info] [0m2021/06/25 02:54:24 [34m[user-account][0m [32mbaby-fried-rice/internal/pkg/kit/etcd/server.go:104[0m server lease keep alive successful
[32m[info] [0m2021/06/25 02:54:26 [34m[user-account][0m [32mbaby-fried-rice/internal/pkg/kit/etcd/server.go:104[0m server lease keep alive successful
[32m[info] [0m2021/06/25 02:54:28 [34m[user-account][0m [32mbaby-fried-rice/internal/pkg/kit/etcd/server.go:104[0m server lease keep alive successful
[32m[info] [0m2021/06/25 02:54:30 [34m[user-account][0m [32mbaby-fried-rice/internal/pkg/kit/etcd/server.go:104[0m server lease keep alive successful
[32m[info] [0m2021/06/25 02:54:32 [34m[user-account][0m [32mbaby-fried-rice/internal/pkg/kit/etcd/server.go:104[0m server lease keep alive successful
[32m[info] [0m2021/06/25 02:54:34 [34m[user-account][0m [32mbaby-fried-rice/internal/pkg/kit/etcd/server.go:104[0m server lease keep alive successful
[32m[info] [0m2021/06/25 02:54:36 [34m[user-account][0m [32mbaby-fried-rice/internal/pkg/kit/etcd/server.go:104[0m server lease keep alive successful
[32m[info] [0m2021/06/25 02:54:38 [34m[user-account][0m [32mbaby-fried-rice/internal/pkg/kit/etcd/server.go:104[0m server lease keep alive successful
[32m[info] [0m2021/06/25 02:54:40 [34m[user-account][0m [32mbaby-fried-rice/internal/pkg/kit/etcd/server.go:104[0m server lease keep alive successful
[32m[info] [0m2021/06/25 02:54:42 [34m[user-account][0m [32mbaby-fried-rice/internal/pkg/kit/etcd/server.go:104[0m server lease keep alive successful
[32m[info] [0m2021/06/25 02:54:44 [34m[user-account][0m [32mbaby-fried-rice/internal/pkg/kit/etcd/server.go:104[0m server lease keep alive successful
[32m[info] [0m2021/06/25 02:54:46 [34m[user-account][0m [32mbaby-fried-rice/internal/pkg/kit/etcd/server.go:104[0m server lease keep alive successful
[32m[info] [0m2021/06/25 02:54:48 [34m[user-account][0m [32mbaby-fried-rice/internal/pkg/kit/etcd/server.go:104[0m server lease keep alive successful
[32m[info] [0m2021/06/25 02:54:50 [34m[user-account][0m [32mbaby-fried-rice/internal/pkg/kit/etcd/server.go:104[0m server lease keep alive successful
[32m[info] [0m2021/06/25 02:54:52 [34m[user-account][0m [32mbaby-fried-rice/internal/pkg/kit/etcd/server.go:104[0m server lease keep alive successful
[32m[info] [0m2021/06/25 02:54:54 [34m[user-account][0m [32mbaby-fried-rice/internal/pkg/kit/etcd/server.go:104[0m server lease keep alive successful
[32m[info] [0m2021/06/25 02:54:56 [34m[user-account][0m [32mbaby-fried-rice/internal/pkg/kit/etcd/server.go:104[0m server lease keep alive successful
[32m[info] [0m2021/06/25 02:54:58 [34m[user-account][0m [32mbaby-fried-rice/internal/pkg/kit/etcd/server.go:104[0m server lease keep alive successful
[32m[info] [0m2021/06/25 02:55:00 [34m[user-account][0m [32mbaby-fried-rice/internal/pkg/kit/etcd/server.go:104[0m server lease keep alive successful
[32m[info] [0m2021/06/25 02:55:02 [34m[user-account][0m [32mbaby-fried-rice/internal/pkg/kit/etcd/server.go:104[0m server lease keep alive successful
[32m[info] [0m2021/06/25 02:55:04 [34m[user-account][0m [32mbaby-fried-rice/internal/pkg/kit/etcd/server.go:104[0m server lease keep alive successful
[32m[info] [0m2021/06/25 02:55:06 [34m[user-account][0m [32mbaby-fried-rice/internal/pkg/kit/etcd/server.go:104[0m server lease keep alive successful
[32m[info] [0m2021/06/25 02:55:08 [34m[user-account][0m [32mbaby-fried-rice/internal/pkg/kit/etcd/server.go:104[0m server lease keep alive successful
[32m[info] [0m2021/06/25 02:55:10 [34m[user-account][0m [32mbaby-fried-rice/internal/pkg/kit/etcd/server.go:104[0m server lease keep alive successful
[32m[info] [0m2021/06/25 02:55:12 [34m[user-account][0m [32mbaby-fried-rice/internal/pkg/kit/etcd/server.go:104[0m server lease keep alive successful
[32m[info] [0m2021/06/25 02:55:14 [34m[user-account][0m [32mbaby-fried-rice/internal/pkg/kit/etcd/server.go:104[0m server lease keep alive successful
[32m[info] [0m2021/06/25 02:55:16 [34m[user-account][0m [32mbaby-fried-rice/internal/pkg/kit/etcd/server.go:104[0m server lease keep alive successful
[32m[info] [0m2021/06/25 02:55:18 [34m[user-account][0m [32mbaby-fried-rice/internal/pkg/kit/etcd/server.go:104[0m server lease keep alive successful
[32m[info] [0m2021/06/25 02:55:20 [34m[user-account][0m [32mbaby-fried-rice/internal/pkg/kit/etcd/server.go:104[0m server lease keep alive successful
[32m[info] [0m2021/06/25 02:55:22 [34m[user-account][0m [32mbaby-fried-rice/internal/pkg/kit/etcd/server.go:104[0m server lease keep alive successful
[32m[info] [0m2021/06/25 02:55:24 [34m[user-account][0m [32mbaby-fried-rice/internal/pkg/kit/etcd/server.go:104[0m server lease keep alive successful
[32m[info] [0m2021/06/25 02:55:26 [34m[user-account][0m [32mbaby-fried-rice/internal/pkg/kit/etcd/server.go:104[0m server lease keep alive successful
[32m[info] [0m2021/06/25 02:55:28 [34m[user-account][0m [32mbaby-fried-rice/internal/pkg/kit/etcd/server.go:104[0m server lease keep alive successful
[32m[info] [0m2021/06/25 02:55:30 [34m[user-account][0m [32mbaby-fried-rice/internal/pkg/kit/etcd/server.go:104[0m server lease keep alive successful
[32m[info] [0m2021/06/25 02:55:32 [34m[user-account][0m [32mbaby-fried-rice/internal/pkg/kit/etcd/server.go:104[0m server lease keep alive successful
[32m[info] [0m2021/06/25 02:55:34 [34m[user-account][0m [32mbaby-fried-rice/internal/pkg/kit/etcd/server.go:104[0m server lease keep alive successful
[32m[info] [0m2021/06/25 02:55:36 [34m[user-account][0m [32mbaby-fried-rice/internal/pkg/kit/etcd/server.go:104[0m server lease keep alive successful
[32m[info] [0m2021/06/25 02:55:38 [34m[user-account][0m [32mbaby-fried-rice/internal/pkg/kit/etcd/server.go:104[0m server lease keep alive successful
[32m[info] [0m2021/06/25 02:55:40 [34m[user-account][0m [32mbaby-fried-rice/internal/pkg/kit/etcd/server.go:104[0m server lease keep alive successful
[32m[info] [0m2021/06/25 02:55:42 [34m[user-account][0m [32mbaby-fried-rice/internal/pkg/kit/etcd/server.go:104[0m server lease keep alive successful
[32m[info] [0m2021/06/25 02:55:44 [34m[user-account][0m [32mbaby-fried-rice/internal/pkg/kit/etcd/server.go:104[0m server lease keep alive successful
[32m[info] [0m2021/06/25 02:55:46 [34m[user-account][0m [32mbaby-fried-rice/internal/pkg/kit/etcd/server.go:104[0m server lease keep alive successful
[32m[info] [0m2021/06/25 02:55:48 [34m[user-account][0m [32mbaby-fried-rice/internal/pkg/kit/etcd/server.go:104[0m server lease keep alive successful
[32m[info] [0m2021/06/25 02:55:50 [34m[user-account][0m [32mbaby-fried-rice/internal/pkg/kit/etcd/server.go:104[0m server lease keep alive successful
[32m[info] [0m2021/06/25 02:55:52 [34m[user-account][0m [32mbaby-fried-rice/internal/pkg/kit/etcd/server.go:104[0m server lease keep alive successful
[32m[info] [0m2021/06/25 02:55:54 [34m[user-account][0m [32mbaby-fried-rice/internal/pkg/kit/etcd/server.go:104[0m server lease keep alive successful
[32m[info] [0m2021/06/25 02:55:56 [34m[user-account][0m [32mbaby-fried-rice/internal/pkg/kit/etcd/server.go:104[0m server lease keep alive successful
[32m[info] [0m2021/06/25 02:55:58 [34m[user-account][0m [32mbaby-fried-rice/internal/pkg/kit/etcd/server.go:104[0m server lease keep alive successful
[32m[info] [0m2021/06/25 02:56:00 [34m[user-account][0m [32mbaby-fried-rice/internal/pkg/kit/etcd/server.go:104[0m server lease keep alive successful
[32m[info] [0m2021/06/25 02:56:02 [34m[user-account][0m [32mbaby-fried-rice/internal/pkg/kit/etcd/server.go:104[0m server lease keep alive successful
[32m[info] [0m2021/06/25 02:56:04 [34m[user-account][0m [32mbaby-fried-rice/internal/pkg/kit/etcd/server.go:104[0m server lease keep alive successful
[32m[info] [0m2021/06/25 02:56:06 [34m[user-account][0m [32mbaby-fried-rice/internal/pkg/kit/etcd/server.go:104[0m server lease keep alive successful
[32m[info] [0m2021/06/25 02:56:08 [34m[user-account][0m [32mbaby-fried-rice/internal/pkg/kit/etcd/server.go:104[0m server lease keep alive successful
[32m[info] [0m2021/06/25 02:56:10 [34m[user-account][0m [32mbaby-fried-rice/internal/pkg/kit/etcd/server.go:104[0m server lease keep alive successful
[32m[info] [0m2021/06/25 02:56:12 [34m[user-account][0m [32mbaby-fried-rice/internal/pkg/kit/etcd/server.go:104[0m server lease keep alive successful
[32m[info] [0m2021/06/25 02:56:14 [34m[user-account][0m [32mbaby-fried-rice/internal/pkg/kit/etcd/server.go:104[0m server lease keep alive successful
[32m[info] [0m2021/06/25 02:56:16 [34m[user-account][0m [32mbaby-fried-rice/internal/pkg/kit/etcd/server.go:104[0m server lease keep alive successful
[32m[info] [0m2021/06/25 02:56:18 [34m[user-account][0m [32mbaby-fried-rice/internal/pkg/kit/etcd/server.go:104[0m server lease keep alive successful
[32m[info] [0m2021/06/25 02:56:20 [34m[user-account][0m [32mbaby-fried-rice/internal/pkg/kit/etcd/server.go:104[0m server lease keep alive successful
[32m[info] [0m2021/06/25 02:56:22 [34m[user-account][0m [32mbaby-fried-rice/internal/pkg/kit/etcd/server.go:104[0m server lease keep alive successful
[32m[info] [0m2021/06/25 02:56:24 [34m[user-account][0m [32mbaby-fried-rice/internal/pkg/kit/etcd/server.go:104[0m server lease keep alive successful
[32m[info] [0m2021/06/25 02:56:26 [34m[user-account][0m [32mbaby-fried-rice/internal/pkg/kit/etcd/server.go:104[0m server lease keep alive successful
[32m[info] [0m2021/06/25 02:56:28 [34m[user-account][0m [32mbaby-fried-rice/internal/pkg/kit/etcd/server.go:104[0m server lease keep alive successful
[32m[info] [0m2021/06/25 02:56:30 [34m[user-account][0m [32mbaby-fried-rice/internal/pkg/kit/etcd/server.go:104[0m server lease keep alive successful
[32m[info] [0m2021/06/25 02:56:32 [34m[user-account][0m [32mbaby-fried-rice/internal/pkg/kit/etcd/server.go:104[0m server lease keep alive successful
[32m[info] [0m2021/06/25 02:56:34 [34m[user-account][0m [32mbaby-fried-rice/internal/pkg/kit/etcd/server.go:104[0m server lease keep alive successful
[32m[info] [0m2021/06/25 02:56:36 [34m[user-account][0m [32mbaby-fried-rice/internal/pkg/kit/etcd/server.go:104[0m server lease keep alive successful
[32m[info] [0m2021/06/25 02:56:38 [34m[user-account][0m [32mbaby-fried-rice/internal/pkg/kit/etcd/server.go:104[0m server lease keep alive successful
[32m[info] [0m2021/06/25 02:56:40 [34m[user-account][0m [32mbaby-fried-rice/internal/pkg/kit/etcd/server.go:104[0m server lease keep alive successful
[32m[info] [0m2021/06/25 02:56:42 [34m[user-account][0m [32mbaby-fried-rice/internal/pkg/kit/etcd/server.go:104[0m server lease keep alive successful
[32m[info] [0m2021/06/25 02:56:44 [34m[user-account][0m [32mbaby-fried-rice/internal/pkg/kit/etcd/server.go:104[0m server lease keep alive successful
[32m[info] [0m2021/06/25 02:56:46 [34m[user-account][0m [32mbaby-fried-rice/internal/pkg/kit/etcd/server.go:104[0m server lease keep alive successful
[32m[info] [0m2021/06/25 02:56:48 [34m[user-account][0m [32mbaby-fried-rice/internal/pkg/kit/etcd/server.go:104[0m server lease keep alive successful
[32m[info] [0m2021/06/25 02:56:50 [34m[user-account][0m [32mbaby-fried-rice/internal/pkg/kit/etcd/server.go:104[0m server lease keep alive successful
[32m[info] [0m2021/06/25 02:56:52 [34m[user-account][0m [32mbaby-fried-rice/internal/pkg/kit/etcd/server.go:104[0m server lease keep alive successful
[32m[info] [0m2021/06/25 02:56:54 [34m[user-account][0m [32mbaby-fried-rice/internal/pkg/kit/etcd/server.go:104[0m server lease keep alive successful
[32m[info] [0m2021/06/25 02:56:56 [34m[user-account][0m [32mbaby-fried-rice/internal/pkg/kit/etcd/server.go:104[0m server lease keep alive successful
[32m[info] [0m2021/06/25 02:56:58 [34m[user-account][0m [32mbaby-fried-rice/internal/pkg/kit/etcd/server.go:104[0m server lease keep alive successful
[32m[info] [0m2021/06/25 02:57:00 [34m[user-account][0m [32mbaby-fried-rice/internal/pkg/kit/etcd/server.go:104[0m server lease keep alive successful
[32m[info] [0m2021/06/25 02:57:02 [34m[user-account][0m [32mbaby-fried-rice/internal/pkg/kit/etcd/server.go:104[0m server lease keep alive successful
[32m[info] [0m2021/06/25 02:57:04 [34m[user-account][0m [32mbaby-fried-rice/internal/pkg/kit/etcd/server.go:104[0m server lease keep alive successful
[32m[info] [0m2021/06/25 02:57:06 [34m[user-account][0m [32mbaby-fried-rice/internal/pkg/kit/etcd/server.go:104[0m server lease keep alive successful
[32m[info] [0m2021/06/25 02:57:08 [34m[user-account][0m [32mbaby-fried-rice/internal/pkg/kit/etcd/server.go:104[0m server lease keep alive successful
[32m[info] [0m2021/06/25 02:57:10 [34m[user-account][0m [32mbaby-fried-rice/internal/pkg/kit/etcd/server.go:104[0m server lease keep alive successful
[32m[info] [0m2021/06/25 02:57:12 [34m[user-account][0m [32mbaby-fried-rice/internal/pkg/kit/etcd/server.go:104[0m server lease keep alive successful
[32m[info] [0m2021/06/25 02:57:14 [34m[user-account][0m [32mbaby-fried-rice/internal/pkg/kit/etcd/server.go:104[0m server lease keep alive successful
[32m[info] [0m2021/06/25 02:57:16 [34m[user-account][0m [32mbaby-fried-rice/internal/pkg/kit/etcd/server.go:104[0m server lease keep alive successful
[32m[info] [0m2021/06/25 02:57:18 [34m[user-account][0m [32mbaby-fried-rice/internal/pkg/kit/etcd/server.go:104[0m server lease keep alive successful
[32m[info] [0m2021/06/25 02:57:20 [34m[user-account][0m [32mbaby-fried-rice/internal/pkg/kit/etcd/server.go:104[0m server lease keep alive successful
[32m[info] [0m2021/06/25 02:57:22 [34m[user-account][0m [32mbaby-fried-rice/internal/pkg/kit/etcd/server.go:104[0m server lease keep alive successful
[32m[info] [0m2021/06/25 02:57:24 [34m[user-account][0m [32mbaby-fried-rice/internal/pkg/kit/etcd/server.go:104[0m server lease keep alive successful
[32m[info] [0m2021/06/25 02:57:26 [34m[user-account][0m [32mbaby-fried-rice/internal/pkg/kit/etcd/server.go:104[0m server lease keep alive successful
[32m[info] [0m2021/06/25 02:57:28 [34m[user-account][0m [32mbaby-fried-rice/internal/pkg/kit/etcd/server.go:104[0m server lease keep alive successful
[32m[info] [0m2021/06/25 02:57:30 [34m[user-account][0m [32mbaby-fried-rice/internal/pkg/kit/etcd/server.go:104[0m server lease keep alive successful
[32m[info] [0m2021/06/25 02:57:32 [34m[user-account][0m [32mbaby-fried-rice/internal/pkg/kit/etcd/server.go:104[0m server lease keep alive successful
[32m[info] [0m2021/06/25 02:57:34 [34m[user-account][0m [32mbaby-fried-rice/internal/pkg/kit/etcd/server.go:104[0m server lease keep alive successful
[32m[info] [0m2021/06/25 02:57:36 [34m[user-account][0m [32mbaby-fried-rice/internal/pkg/kit/etcd/server.go:104[0m server lease keep alive successful
[32m[info] [0m2021/06/25 02:57:38 [34m[user-account][0m [32mbaby-fried-rice/internal/pkg/kit/etcd/server.go:104[0m server lease keep alive successful
[32m[info] [0m2021/06/25 02:57:40 [34m[user-account][0m [32mbaby-fried-rice/internal/pkg/kit/etcd/server.go:104[0m server lease keep alive successful
[32m[info] [0m2021/06/25 02:57:42 [34m[user-account][0m [32mbaby-fried-rice/internal/pkg/kit/etcd/server.go:104[0m server lease keep alive successful
[32m[info] [0m2021/06/25 02:57:44 [34m[user-account][0m [32mbaby-fried-rice/internal/pkg/kit/etcd/server.go:104[0m server lease keep alive successful
[32m[info] [0m2021/06/25 02:57:46 [34m[user-account][0m [32mbaby-fried-rice/internal/pkg/kit/etcd/server.go:104[0m server lease keep alive successful
[32m[info] [0m2021/06/25 02:57:48 [34m[user-account][0m [32mbaby-fried-rice/internal/pkg/kit/etcd/server.go:104[0m server lease keep alive successful
[32m[info] [0m2021/06/25 02:57:50 [34m[user-account][0m [32mbaby-fried-rice/internal/pkg/kit/etcd/server.go:104[0m server lease keep alive successful
[32m[info] [0m2021/06/25 02:57:52 [34m[user-account][0m [32mbaby-fried-rice/internal/pkg/kit/etcd/server.go:104[0m server lease keep alive successful
[32m[info] [0m2021/06/25 02:57:54 [34m[user-account][0m [32mbaby-fried-rice/internal/pkg/kit/etcd/server.go:104[0m server lease keep alive successful
[32m[info] [0m2021/06/25 02:57:56 [34m[user-account][0m [32mbaby-fried-rice/internal/pkg/kit/etcd/server.go:104[0m server lease keep alive successful
[32m[info] [0m2021/06/25 02:57:58 [34m[user-account][0m [32mbaby-fried-rice/internal/pkg/kit/etcd/server.go:104[0m server lease keep alive successful
[32m[info] [0m2021/06/25 02:58:00 [34m[user-account][0m [32mbaby-fried-rice/internal/pkg/kit/etcd/server.go:104[0m server lease keep alive successful
[32m[info] [0m2021/06/25 02:58:02 [34m[user-account][0m [32mbaby-fried-rice/internal/pkg/kit/etcd/server.go:104[0m server lease keep alive successful
[32m[info] [0m2021/06/25 02:58:04 [34m[user-account][0m [32mbaby-fried-rice/internal/pkg/kit/etcd/server.go:104[0m server lease keep alive successful
[32m[info] [0m2021/06/25 02:58:06 [34m[user-account][0m [32mbaby-fried-rice/internal/pkg/kit/etcd/server.go:104[0m server lease keep alive successful
[32m[info] [0m2021/06/25 02:58:08 [34m[user-account][0m [32mbaby-fried-rice/internal/pkg/kit/etcd/server.go:104[0m server lease keep alive successful
[32m[info] [0m2021/06/25 02:58:10 [34m[user-account][0m [32mbaby-fried-rice/internal/pkg/kit/etcd/server.go:104[0m server lease keep alive successful
[32m[info] [0m2021/06/25 02:58:12 [34m[user-account][0m [32mbaby-fried-rice/internal/pkg/kit/etcd/server.go:104[0m server lease keep alive successful
[32m[info] [0m2021/06/25 02:58:14 [34m[user-account][0m [32mbaby-fried-rice/internal/pkg/kit/etcd/server.go:104[0m server lease keep alive successful
[32m[info] [0m2021/06/25 02:58:16 [34m[user-account][0m [32mbaby-fried-rice/internal/pkg/kit/etcd/server.go:104[0m server lease keep alive successful
[32m[info] [0m2021/06/25 02:58:18 [34m[user-account][0m [32mbaby-fried-rice/internal/pkg/kit/etcd/server.go:104[0m server lease keep alive successful
[32m[info] [0m2021/06/25 02:58:20 [34m[user-account][0m [32mbaby-fried-rice/internal/pkg/kit/etcd/server.go:104[0m server lease keep alive successful
[32m[info] [0m2021/06/25 02:58:22 [34m[user-account][0m [32mbaby-fried-rice/internal/pkg/kit/etcd/server.go:104[0m server lease keep alive successful
[32m[info] [0m2021/06/25 02:58:24 [34m[user-account][0m [32mbaby-fried-rice/internal/pkg/kit/etcd/server.go:104[0m server lease keep alive successful
[32m[info] [0m2021/06/25 02:58:26 [34m[user-account][0m [32mbaby-fried-rice/internal/pkg/kit/etcd/server.go:104[0m server lease keep alive successful
[32m[info] [0m2021/06/25 02:58:28 [34m[user-account][0m [32mbaby-fried-rice/internal/pkg/kit/etcd/server.go:104[0m server lease keep alive successful
[32m[info] [0m2021/06/25 02:58:30 [34m[user-account][0m [32mbaby-fried-rice/internal/pkg/kit/etcd/server.go:104[0m server lease keep alive successful
[32m[info] [0m2021/06/25 02:58:32 [34m[user-account][0m [32mbaby-fried-rice/internal/pkg/kit/etcd/server.go:104[0m server lease keep alive successful
[32m[info] [0m2021/06/25 02:58:34 [34m[user-account][0m [32mbaby-fried-rice/internal/pkg/kit/etcd/server.go:104[0m server lease keep alive successful
[32m[info] [0m2021/06/25 02:58:36 [34m[user-account][0m [32mbaby-fried-rice/internal/pkg/kit/etcd/server.go:104[0m server lease keep alive successful
[32m[info] [0m2021/06/25 02:58:38 [34m[user-account][0m [32mbaby-fried-rice/internal/pkg/kit/etcd/server.go:104[0m server lease keep alive successful
[32m[info] [0m2021/06/25 02:58:40 [34m[user-account][0m [32mbaby-fried-rice/internal/pkg/kit/etcd/server.go:104[0m server lease keep alive successful
[32m[info] [0m2021/06/25 02:58:42 [34m[user-account][0m [32mbaby-fried-rice/internal/pkg/kit/etcd/server.go:104[0m server lease keep alive successful
[32m[info] [0m2021/06/25 02:58:44 [34m[user-account][0m [32mbaby-fried-rice/internal/pkg/kit/etcd/server.go:104[0m server lease keep alive successful
[32m[info] [0m2021/06/25 02:58:46 [34m[user-account][0m [32mbaby-fried-rice/internal/pkg/kit/etcd/server.go:104[0m server lease keep alive successful
[32m[info] [0m2021/06/25 02:58:48 [34m[user-account][0m [32mbaby-fried-rice/internal/pkg/kit/etcd/server.go:104[0m server lease keep alive successful
[32m[info] [0m2021/06/25 02:58:50 [34m[user-account][0m [32mbaby-fried-rice/internal/pkg/kit/etcd/server.go:104[0m server lease keep alive successful
[32m[info] [0m2021/06/25 02:58:52 [34m[user-account][0m [32mbaby-fried-rice/internal/pkg/kit/etcd/server.go:104[0m server lease keep alive successful
[32m[info] [0m2021/06/25 02:58:54 [34m[user-account][0m [32mbaby-fried-rice/internal/pkg/kit/etcd/server.go:104[0m server lease keep alive successful
[32m[info] [0m2021/06/25 02:58:56 [34m[user-account][0m [32mbaby-fried-rice/internal/pkg/kit/etcd/server.go:104[0m server lease keep alive successful
[32m[info] [0m2021/06/25 02:58:58 [34m[user-account][0m [32mbaby-fried-rice/internal/pkg/kit/etcd/server.go:104[0m server lease keep alive successful
[32m[info] [0m2021/06/25 02:59:00 [34m[user-account][0m [32mbaby-fried-rice/internal/pkg/kit/etcd/server.go:104[0m server lease keep alive successful
[32m[info] [0m2021/06/25 02:59:02 [34m[user-account][0m [32mbaby-fried-rice/internal/pkg/kit/etcd/server.go:104[0m server lease keep alive successful
[32m[info] [0m2021/06/25 02:59:04 [34m[user-account][0m [32mbaby-fried-rice/internal/pkg/kit/etcd/server.go:104[0m server lease keep alive successful
[32m[info] [0m2021/06/25 02:59:06 [34m[user-account][0m [32mbaby-fried-rice/internal/pkg/kit/etcd/server.go:104[0m server lease keep alive successful
[32m[info] [0m2021/06/25 02:59:08 [34m[user-account][0m [32mbaby-fried-rice/internal/pkg/kit/etcd/server.go:104[0m server lease keep alive successful
[32m[info] [0m2021/06/25 02:59:10 [34m[user-account][0m [32mbaby-fried-rice/internal/pkg/kit/etcd/server.go:104[0m server lease keep alive successful
[32m[info] [0m2021/06/25 02:59:12 [34m[user-account][0m [32mbaby-fried-rice/internal/pkg/kit/etcd/server.go:104[0m server lease keep alive successful
[32m[info] [0m2021/06/25 02:59:14 [34m[user-account][0m [32mbaby-fried-rice/internal/pkg/kit/etcd/server.go:104[0m server lease keep alive successful
[32m[info] [0m2021/06/25 02:59:16 [34m[user-account][0m [32mbaby-fried-rice/internal/pkg/kit/etcd/server.go:104[0m server lease keep alive successful
[32m[info] [0m2021/06/25 02:59:18 [34m[user-account][0m [32mbaby-fried-rice/internal/pkg/kit/etcd/server.go:104[0m server lease keep alive successful
[32m[info] [0m2021/06/25 02:59:20 [34m[user-account][0m [32mbaby-fried-rice/internal/pkg/kit/etcd/server.go:104[0m server lease keep alive successful
[32m[info] [0m2021/06/25 02:59:22 [34m[user-account][0m [32mbaby-fried-rice/internal/pkg/kit/etcd/server.go:104[0m server lease keep alive successful
[32m[info] [0m2021/06/25 02:59:24 [34m[user-account][0m [32mbaby-fried-rice/internal/pkg/kit/etcd/server.go:104[0m server lease keep alive successful
[32m[info] [0m2021/06/25 02:59:26 [34m[user-account][0m [32mbaby-fried-rice/internal/pkg/kit/etcd/server.go:104[0m server lease keep alive successful
[32m[info] [0m2021/06/25 02:59:28 [34m[user-account][0m [32mbaby-fried-rice/internal/pkg/kit/etcd/server.go:104[0m server lease keep alive successful
[32m[info] [0m2021/06/25 02:59:30 [34m[user-account][0m [32mbaby-fried-rice/internal/pkg/kit/etcd/server.go:104[0m server lease keep alive successful
[32m[info] [0m2021/06/25 02:59:32 [34m[user-account][0m [32mbaby-fried-rice/internal/pkg/kit/etcd/server.go:104[0m server lease keep alive successful
[32m[info] [0m2021/06/25 02:59:34 [34m[user-account][0m [32mbaby-fried-rice/internal/pkg/kit/etcd/server.go:104[0m server lease keep alive successful
[32m[info] [0m2021/06/25 02:59:36 [34m[user-account][0m [32mbaby-fried-rice/internal/pkg/kit/etcd/server.go:104[0m server lease keep alive successful
[32m[info] [0m2021/06/25 02:59:38 [34m[user-account][0m [32mbaby-fried-rice/internal/pkg/kit/etcd/server.go:104[0m server lease keep alive successful
[32m[info] [0m2021/06/25 02:59:40 [34m[user-account][0m [32mbaby-fried-rice/internal/pkg/kit/etcd/server.go:104[0m server lease keep alive successful
[32m[info] [0m2021/06/25 02:59:42 [34m[user-account][0m [32mbaby-fried-rice/internal/pkg/kit/etcd/server.go:104[0m server lease keep alive successful
[32m[info] [0m2021/06/25 02:59:44 [34m[user-account][0m [32mbaby-fried-rice/internal/pkg/kit/etcd/server.go:104[0m server lease keep alive successful
[32m[info] [0m2021/06/25 02:59:46 [34m[user-account][0m [32mbaby-fried-rice/internal/pkg/kit/etcd/server.go:104[0m server lease keep alive successful
[32m[info] [0m2021/06/25 02:59:48 [34m[user-account][0m [32mbaby-fried-rice/internal/pkg/kit/etcd/server.go:104[0m server lease keep alive successful
[32m[info] [0m2021/06/25 02:59:50 [34m[user-account][0m [32mbaby-fried-rice/internal/pkg/kit/etcd/server.go:104[0m server lease keep alive successful
[32m[info] [0m2021/06/25 02:59:52 [34m[user-account][0m [32mbaby-fried-rice/internal/pkg/kit/etcd/server.go:104[0m server lease keep alive successful
[32m[info] [0m2021/06/25 02:59:54 [34m[user-account][0m [32mbaby-fried-rice/internal/pkg/kit/etcd/server.go:104[0m server lease keep alive successful
[32m[info] [0m2021/06/25 02:59:56 [34m[user-account][0m [32mbaby-fried-rice/internal/pkg/kit/etcd/server.go:104[0m server lease keep alive successful
[32m[info] [0m2021/06/25 02:59:58 [34m[user-account][0m [32mbaby-fried-rice/internal/pkg/kit/etcd/server.go:104[0m server lease keep alive successful
[32m[info] [0m2021/06/25 03:00:00 [34m[user-account][0m [32mbaby-fried-rice/internal/pkg/kit/etcd/server.go:104[0m server lease keep alive successful
[32m[info] [0m2021/06/25 03:00:02 [34m[user-account][0m [32mbaby-fried-rice/internal/pkg/kit/etcd/server.go:104[0m server lease keep alive successful
[32m[info] [0m2021/06/25 03:00:04 [34m[user-account][0m [32mbaby-fried-rice/internal/pkg/kit/etcd/server.go:104[0m server lease keep alive successful
[32m[info] [0m2021/06/25 03:00:06 [34m[user-account][0m [32mbaby-fried-rice/internal/pkg/kit/etcd/server.go:104[0m server lease keep alive successful
[32m[info] [0m2021/06/25 03:00:08 [34m[user-account][0m [32mbaby-fried-rice/internal/pkg/kit/etcd/server.go:104[0m server lease keep alive successful
[32m[info] [0m2021/06/25 03:00:10 [34m[user-account][0m [32mbaby-fried-rice/internal/pkg/kit/etcd/server.go:104[0m server lease keep alive successful
[32m[info] [0m2021/06/25 03:00:12 [34m[user-account][0m [32mbaby-fried-rice/internal/pkg/kit/etcd/server.go:104[0m server lease keep alive successful
[32m[info] [0m2021/06/25 03:00:14 [34m[user-account][0m [32mbaby-fried-rice/internal/pkg/kit/etcd/server.go:104[0m server lease keep alive successful
[32m[info] [0m2021/06/25 03:00:16 [34m[user-account][0m [32mbaby-fried-rice/internal/pkg/kit/etcd/server.go:104[0m server lease keep alive successful
[32m[info] [0m2021/06/25 03:00:18 [34m[user-account][0m [32mbaby-fried-rice/internal/pkg/kit/etcd/server.go:104[0m server lease keep alive successful
[32m[info] [0m2021/06/25 03:00:20 [34m[user-account][0m [32mbaby-fried-rice/internal/pkg/kit/etcd/server.go:104[0m server lease keep alive successful
[32m[info] [0m2021/06/25 03:00:22 [34m[user-account][0m [32mbaby-fried-rice/internal/pkg/kit/etcd/server.go:104[0m server lease keep alive successful
[32m[info] [0m2021/06/25 03:00:24 [34m[user-account][0m [32mbaby-fried-rice/internal/pkg/kit/etcd/server.go:104[0m server lease keep alive successful
[32m[info] [0m2021/06/25 03:00:26 [34m[user-account][0m [32mbaby-fried-rice/internal/pkg/kit/etcd/server.go:104[0m server lease keep alive successful
[32m[info] [0m2021/06/25 03:00:28 [34m[user-account][0m [32mbaby-fried-rice/internal/pkg/kit/etcd/server.go:104[0m server lease keep alive successful
[32m[info] [0m2021/06/25 03:00:30 [34m[user-account][0m [32mbaby-fried-rice/internal/pkg/kit/etcd/server.go:104[0m server lease keep alive successful
[32m[info] [0m2021/06/25 03:00:32 [34m[user-account][0m [32mbaby-fried-rice/internal/pkg/kit/etcd/server.go:104[0m server lease keep alive successful
[32m[info] [0m2021/06/25 03:00:34 [34m[user-account][0m [32mbaby-fried-rice/internal/pkg/kit/etcd/server.go:104[0m server lease keep alive successful
[32m[info] [0m2021/06/25 03:00:36 [34m[user-account][0m [32mbaby-fried-rice/internal/pkg/kit/etcd/server.go:104[0m server lease keep alive successful
[32m[info] [0m2021/06/25 03:00:38 [34m[user-account][0m [32mbaby-fried-rice/internal/pkg/kit/etcd/server.go:104[0m server lease keep alive successful
[32m[info] [0m2021/06/25 03:00:40 [34m[user-account][0m [32mbaby-fried-rice/internal/pkg/kit/etcd/server.go:104[0m server lease keep alive successful
[32m[info] [0m2021/06/25 03:00:42 [34m[user-account][0m [32mbaby-fried-rice/internal/pkg/kit/etcd/server.go:104[0m server lease keep alive successful
[32m[info] [0m2021/06/25 03:00:44 [34m[user-account][0m [32mbaby-fried-rice/internal/pkg/kit/etcd/server.go:104[0m server lease keep alive successful
[32m[info] [0m2021/06/25 03:00:46 [34m[user-account][0m [32mbaby-fried-rice/internal/pkg/kit/etcd/server.go:104[0m server lease keep alive successful
[32m[info] [0m2021/06/25 03:00:48 [34m[user-account][0m [32mbaby-fried-rice/internal/pkg/kit/etcd/server.go:104[0m server lease keep alive successful
[32m[info] [0m2021/06/25 03:00:50 [34m[user-account][0m [32mbaby-fried-rice/internal/pkg/kit/etcd/server.go:104[0m server lease keep alive successful
[32m[info] [0m2021/06/25 03:00:52 [34m[user-account][0m [32mbaby-fried-rice/internal/pkg/kit/etcd/server.go:104[0m server lease keep alive successful
[32m[info] [0m2021/06/25 03:00:54 [34m[user-account][0m [32mbaby-fried-rice/internal/pkg/kit/etcd/server.go:104[0m server lease keep alive successful
[32m[info] [0m2021/06/25 03:00:56 [34m[user-account][0m [32mbaby-fried-rice/internal/pkg/kit/etcd/server.go:104[0m server lease keep alive successful
[32m[info] [0m2021/06/25 03:00:58 [34m[user-account][0m [32mbaby-fried-rice/internal/pkg/kit/etcd/server.go:104[0m server lease keep alive successful
[32m[info] [0m2021/06/25 03:01:00 [34m[user-account][0m [32mbaby-fried-rice/internal/pkg/kit/etcd/server.go:104[0m server lease keep alive successful
[32m[info] [0m2021/06/25 03:01:02 [34m[user-account][0m [32mbaby-fried-rice/internal/pkg/kit/etcd/server.go:104[0m server lease keep alive successful
[32m[info] [0m2021/06/25 03:01:04 [34m[user-account][0m [32mbaby-fried-rice/internal/pkg/kit/etcd/server.go:104[0m server lease keep alive successful
[32m[info] [0m2021/06/25 03:01:06 [34m[user-account][0m [32mbaby-fried-rice/internal/pkg/kit/etcd/server.go:104[0m server lease keep alive successful
[32m[info] [0m2021/06/25 03:01:08 [34m[user-account][0m [32mbaby-fried-rice/internal/pkg/kit/etcd/server.go:104[0m server lease keep alive successful
[32m[info] [0m2021/06/25 03:01:10 [34m[user-account][0m [32mbaby-fried-rice/internal/pkg/kit/etcd/server.go:104[0m server lease keep alive successful
[32m[info] [0m2021/06/25 03:01:12 [34m[user-account][0m [32mbaby-fried-rice/internal/pkg/kit/etcd/server.go:104[0m server lease keep alive successful
[32m[info] [0m2021/06/25 03:01:14 [34m[user-account][0m [32mbaby-fried-rice/internal/pkg/kit/etcd/server.go:104[0m server lease keep alive successful
[32m[info] [0m2021/06/25 03:01:16 [34m[user-account][0m [32mbaby-fried-rice/internal/pkg/kit/etcd/server.go:104[0m server lease keep alive successful
[32m[info] [0m2021/06/25 03:01:18 [34m[user-account][0m [32mbaby-fried-rice/internal/pkg/kit/etcd/server.go:104[0m server lease keep alive successful
[32m[info] [0m2021/06/25 03:01:20 [34m[user-account][0m [32mbaby-fried-rice/internal/pkg/kit/etcd/server.go:104[0m server lease keep alive successful
[32m[info] [0m2021/06/25 03:29:37 [34m[user-account][0m [32mbaby-fried-rice/internal/pkg/module/userAccount/main.go:29[0m log init successful
[32m[info] [0m2021/06/25 03:29:37 [34m[user-account][0m [32mbaby-fried-rice/internal/pkg/module/userAccount/main.go:34[0m cache init successful
[32m[info] [0m2021/06/25 03:29:37 [34m[user-account][0m [32mbaby-fried-rice/internal/pkg/module/userAccount/main.go:40[0m register server init successful
[32m[info] [0m2021/06/25 03:29:37 [34m[user-account][0m [32mbaby-fried-rice/internal/pkg/module/userAccount/main.go:50[0m server register successful
[32m[info] [0m2021/06/25 03:29:37 [34m[user-account][0m [32mbaby-fried-rice/internal/pkg/module/userAccount/main.go:71[0m server run successful
[32m[info] [0m2021/06/25 03:29:39 [34m[user-account][0m [32mbaby-fried-rice/internal/pkg/kit/etcd/server.go:104[0m server lease keep alive successful
[32m[info] [0m2021/06/25 03:29:41 [34m[user-account][0m [32mbaby-fried-rice/internal/pkg/kit/etcd/server.go:104[0m server lease keep alive successful
[32m[info] [0m2021/06/25 03:29:43 [34m[user-account][0m [32mbaby-fried-rice/internal/pkg/kit/etcd/server.go:104[0m server lease keep alive successful
[32m[info] [0m2021/06/25 03:29:45 [34m[user-account][0m [32mbaby-fried-rice/internal/pkg/kit/etcd/server.go:104[0m server lease keep alive successful
[32m[info] [0m2021/06/25 03:29:47 [34m[user-account][0m [32mbaby-fried-rice/internal/pkg/kit/etcd/server.go:104[0m server lease keep alive successful
[32m[info] [0m2021/06/25 03:29:49 [34m[user-account][0m [32mbaby-fried-rice/internal/pkg/kit/etcd/server.go:104[0m server lease keep alive successful
[32m[info] [0m2021/06/25 03:29:51 [34m[user-account][0m [32mbaby-fried-rice/internal/pkg/kit/etcd/server.go:104[0m server lease keep alive successful
[32m[info] [0m2021/06/25 03:29:53 [34m[user-account][0m [32mbaby-fried-rice/internal/pkg/kit/etcd/server.go:104[0m server lease keep alive successful
[32m[info] [0m2021/06/25 03:29:55 [34m[user-account][0m [32mbaby-fried-rice/internal/pkg/kit/etcd/server.go:104[0m server lease keep alive successful
[32m[info] [0m2021/06/25 03:29:57 [34m[user-account][0m [32mbaby-fried-rice/internal/pkg/kit/etcd/server.go:104[0m server lease keep alive successful
[32m[info] [0m2021/06/25 03:29:59 [34m[user-account][0m [32mbaby-fried-rice/internal/pkg/kit/etcd/server.go:104[0m server lease keep alive successful
[32m[info] [0m2021/06/25 03:30:01 [34m[user-account][0m [32mbaby-fried-rice/internal/pkg/kit/etcd/server.go:104[0m server lease keep alive successful
[32m[info] [0m2021/06/25 03:30:03 [34m[user-account][0m [32mbaby-fried-rice/internal/pkg/kit/etcd/server.go:104[0m server lease keep alive successful
[32m[info] [0m2021/06/25 03:30:05 [34m[user-account][0m [32mbaby-fried-rice/internal/pkg/kit/etcd/server.go:104[0m server lease keep alive successful
[32m[info] [0m2021/06/25 03:30:07 [34m[user-account][0m [32mbaby-fried-rice/internal/pkg/kit/etcd/server.go:104[0m server lease keep alive successful
[32m[info] [0m2021/06/25 03:30:09 [34m[user-account][0m [32mbaby-fried-rice/internal/pkg/kit/etcd/server.go:104[0m server lease keep alive successful
[32m[info] [0m2021/06/25 03:30:11 [34m[user-account][0m [32mbaby-fried-rice/internal/pkg/kit/etcd/server.go:104[0m server lease keep alive successful
[32m[info] [0m2021/06/25 03:30:13 [34m[user-account][0m [32mbaby-fried-rice/internal/pkg/kit/etcd/server.go:104[0m server lease keep alive successful
[32m[info] [0m2021/06/25 03:30:15 [34m[user-account][0m [32mbaby-fried-rice/internal/pkg/kit/etcd/server.go:104[0m server lease keep alive successful
[32m[info] [0m2021/06/25 03:30:17 [34m[user-account][0m [32mbaby-fried-rice/internal/pkg/kit/etcd/server.go:104[0m server lease keep alive successful
[32m[info] [0m2021/06/25 03:30:19 [34m[user-account][0m [32mbaby-fried-rice/internal/pkg/kit/etcd/server.go:104[0m server lease keep alive successful
[32m[info] [0m2021/06/25 03:30:21 [34m[user-account][0m [32mbaby-fried-rice/internal/pkg/kit/etcd/server.go:104[0m server lease keep alive successful
[32m[info] [0m2021/06/25 03:31:13 [34m[user-account][0m [32mbaby-fried-rice/internal/pkg/module/userAccount/main.go:29[0m log init successful
[32m[info] [0m2021/06/25 03:31:51 [34m[user-account][0m [32mbaby-fried-rice/internal/pkg/module/userAccount/main.go:29[0m log init successful
[32m[info] [0m2021/06/25 03:31:51 [34m[user-account][0m [32mbaby-fried-rice/internal/pkg/module/userAccount/main.go:34[0m cache init successful
[32m[info] [0m2021/06/25 03:31:51 [34m[user-account][0m [32mbaby-fried-rice/internal/pkg/module/userAccount/main.go:40[0m register server init successful
[32m[info] [0m2021/06/25 03:31:51 [34m[user-account][0m [32mbaby-fried-rice/internal/pkg/module/userAccount/main.go:50[0m server register successful
[32m[info] [0m2021/06/25 03:31:51 [34m[user-account][0m [32mbaby-fried-rice/internal/pkg/module/userAccount/main.go:71[0m server run successful
[32m[info] [0m2021/06/25 03:31:53 [34m[user-account][0m [32mbaby-fried-rice/internal/pkg/kit/etcd/server.go:104[0m server lease keep alive successful
[32m[info] [0m2021/06/25 03:31:55 [34m[user-account][0m [32mbaby-fried-rice/internal/pkg/kit/etcd/server.go:104[0m server lease keep alive successful
[32m[info] [0m2021/06/25 03:31:57 [34m[user-account][0m [32mbaby-fried-rice/internal/pkg/kit/etcd/server.go:104[0m server lease keep alive successful
[32m[info] [0m2021/06/25 03:31:59 [34m[user-account][0m [32mbaby-fried-rice/internal/pkg/kit/etcd/server.go:104[0m server lease keep alive successful
[32m[info] [0m2021/06/25 03:32:01 [34m[user-account][0m [32mbaby-fried-rice/internal/pkg/kit/etcd/server.go:104[0m server lease keep alive successful
[32m[info] [0m2021/06/25 03:32:03 [34m[user-account][0m [32mbaby-fried-rice/internal/pkg/kit/etcd/server.go:104[0m server lease keep alive successful
[32m[info] [0m2021/06/25 03:32:05 [34m[user-account][0m [32mbaby-fried-rice/internal/pkg/kit/etcd/server.go:104[0m server lease keep alive successful
[32m[info] [0m2021/06/25 03:32:07 [34m[user-account][0m [32mbaby-fried-rice/internal/pkg/kit/etcd/server.go:104[0m server lease keep alive successful
[32m[info] [0m2021/06/25 03:32:09 [34m[user-account][0m [32mbaby-fried-rice/internal/pkg/kit/etcd/server.go:104[0m server lease keep alive successful
[32m[info] [0m2021/06/25 03:32:11 [34m[user-account][0m [32mbaby-fried-rice/internal/pkg/kit/etcd/server.go:104[0m server lease keep alive successful
[32m[info] [0m2021/06/25 03:32:13 [34m[user-account][0m [32mbaby-fried-rice/internal/pkg/kit/etcd/server.go:104[0m server lease keep alive successful
[32m[info] [0m2021/06/25 03:32:15 [34m[user-account][0m [32mbaby-fried-rice/internal/pkg/kit/etcd/server.go:104[0m server lease keep alive successful
[32m[info] [0m2021/06/25 03:32:17 [34m[user-account][0m [32mbaby-fried-rice/internal/pkg/kit/etcd/server.go:104[0m server lease keep alive successful
[32m[info] [0m2021/06/25 03:32:19 [34m[user-account][0m [32mbaby-fried-rice/internal/pkg/kit/etcd/server.go:104[0m server lease keep alive successful
[32m[info] [0m2021/06/25 03:32:21 [34m[user-account][0m [32mbaby-fried-rice/internal/pkg/kit/etcd/server.go:104[0m server lease keep alive successful
[32m[info] [0m2021/06/25 03:32:23 [34m[user-account][0m [32mbaby-fried-rice/internal/pkg/kit/etcd/server.go:104[0m server lease keep alive successful
[32m[info] [0m2021/06/25 03:32:25 [34m[user-account][0m [32mbaby-fried-rice/internal/pkg/kit/etcd/server.go:104[0m server lease keep alive successful
[32m[info] [0m2021/06/25 03:32:27 [34m[user-account][0m [32mbaby-fried-rice/internal/pkg/kit/etcd/server.go:104[0m server lease keep alive successful
[32m[info] [0m2021/06/25 03:32:29 [34m[user-account][0m [32mbaby-fried-rice/internal/pkg/kit/etcd/server.go:104[0m server lease keep alive successful
[32m[info] [0m2021/06/25 03:32:31 [34m[user-account][0m [32mbaby-fried-rice/internal/pkg/kit/etcd/server.go:104[0m server lease keep alive successful
[32m[info] [0m2021/06/25 03:32:33 [34m[user-account][0m [32mbaby-fried-rice/internal/pkg/kit/etcd/server.go:104[0m server lease keep alive successful
[32m[info] [0m2021/06/25 03:32:35 [34m[user-account][0m [32mbaby-fried-rice/internal/pkg/kit/etcd/server.go:104[0m server lease keep alive successful
[32m[info] [0m2021/06/25 03:32:37 [34m[user-account][0m [32mbaby-fried-rice/internal/pkg/kit/etcd/server.go:104[0m server lease keep alive successful
[32m[info] [0m2021/06/25 03:32:39 [34m[user-account][0m [32mbaby-fried-rice/internal/pkg/kit/etcd/server.go:104[0m server lease keep alive successful
[32m[info] [0m2021/06/25 03:32:41 [34m[user-account][0m [32mbaby-fried-rice/internal/pkg/kit/etcd/server.go:104[0m server lease keep alive successful
[32m[info] [0m2021/06/25 03:32:43 [34m[user-account][0m [32mbaby-fried-rice/internal/pkg/kit/etcd/server.go:104[0m server lease keep alive successful
[32m[info] [0m2021/06/25 03:32:45 [34m[user-account][0m [32mbaby-fried-rice/internal/pkg/kit/etcd/server.go:104[0m server lease keep alive successful
[32m[info] [0m2021/06/25 03:32:47 [34m[user-account][0m [32mbaby-fried-rice/internal/pkg/kit/etcd/server.go:104[0m server lease keep alive successful
[32m[info] [0m2021/06/25 03:32:49 [34m[user-account][0m [32mbaby-fried-rice/internal/pkg/kit/etcd/server.go:104[0m server lease keep alive successful
[32m[info] [0m2021/06/25 03:32:51 [34m[user-account][0m [32mbaby-fried-rice/internal/pkg/kit/etcd/server.go:104[0m server lease keep alive successful
[32m[info] [0m2021/06/25 03:32:53 [34m[user-account][0m [32mbaby-fried-rice/internal/pkg/kit/etcd/server.go:104[0m server lease keep alive successful
[32m[info] [0m2021/06/25 03:32:55 [34m[user-account][0m [32mbaby-fried-rice/internal/pkg/kit/etcd/server.go:104[0m server lease keep alive successful
[32m[info] [0m2021/06/25 03:32:57 [34m[user-account][0m [32mbaby-fried-rice/internal/pkg/kit/etcd/server.go:104[0m server lease keep alive successful
[32m[info] [0m2021/06/25 03:32:59 [34m[user-account][0m [32mbaby-fried-rice/internal/pkg/kit/etcd/server.go:104[0m server lease keep alive successful
[32m[info] [0m2021/06/25 03:33:01 [34m[user-account][0m [32mbaby-fried-rice/internal/pkg/kit/etcd/server.go:104[0m server lease keep alive successful
[32m[info] [0m2021/06/25 03:33:03 [34m[user-account][0m [32mbaby-fried-rice/internal/pkg/kit/etcd/server.go:104[0m server lease keep alive successful
[32m[info] [0m2021/06/25 03:33:05 [34m[user-account][0m [32mbaby-fried-rice/internal/pkg/kit/etcd/server.go:104[0m server lease keep alive successful
[32m[info] [0m2021/06/25 03:33:07 [34m[user-account][0m [32mbaby-fried-rice/internal/pkg/kit/etcd/server.go:104[0m server lease keep alive successful
[32m[info] [0m2021/06/25 03:33:09 [34m[user-account][0m [32mbaby-fried-rice/internal/pkg/kit/etcd/server.go:104[0m server lease keep alive successful
[32m[info] [0m2021/06/25 03:33:11 [34m[user-account][0m [32mbaby-fried-rice/internal/pkg/kit/etcd/server.go:104[0m server lease keep alive successful
[32m[info] [0m2021/06/25 03:33:13 [34m[user-account][0m [32mbaby-fried-rice/internal/pkg/kit/etcd/server.go:104[0m server lease keep alive successful
[32m[info] [0m2021/06/25 03:33:15 [34m[user-account][0m [32mbaby-fried-rice/internal/pkg/kit/etcd/server.go:104[0m server lease keep alive successful
[32m[info] [0m2021/06/25 03:33:17 [34m[user-account][0m [32mbaby-fried-rice/internal/pkg/kit/etcd/server.go:104[0m server lease keep alive successful
[32m[info] [0m2021/06/25 03:33:19 [34m[user-account][0m [32mbaby-fried-rice/internal/pkg/kit/etcd/server.go:104[0m server lease keep alive successful
[32m[info] [0m2021/06/25 03:33:21 [34m[user-account][0m [32mbaby-fried-rice/internal/pkg/kit/etcd/server.go:104[0m server lease keep alive successful
[32m[info] [0m2021/06/25 03:33:23 [34m[user-account][0m [32mbaby-fried-rice/internal/pkg/kit/etcd/server.go:104[0m server lease keep alive successful
[32m[info] [0m2021/06/25 03:33:25 [34m[user-account][0m [32mbaby-fried-rice/internal/pkg/kit/etcd/server.go:104[0m server lease keep alive successful
[32m[info] [0m2021/06/25 03:33:27 [34m[user-account][0m [32mbaby-fried-rice/internal/pkg/kit/etcd/server.go:104[0m server lease keep alive successful
[32m[info] [0m2021/06/25 03:33:29 [34m[user-account][0m [32mbaby-fried-rice/internal/pkg/kit/etcd/server.go:104[0m server lease keep alive successful
[32m[info] [0m2021/06/25 03:33:31 [34m[user-account][0m [32mbaby-fried-rice/internal/pkg/kit/etcd/server.go:104[0m server lease keep alive successful
[32m[info] [0m2021/06/25 03:33:33 [34m[user-account][0m [32mbaby-fried-rice/internal/pkg/kit/etcd/server.go:104[0m server lease keep alive successful
[32m[info] [0m2021/06/25 03:33:35 [34m[user-account][0m [32mbaby-fried-rice/internal/pkg/kit/etcd/server.go:104[0m server lease keep alive successful
[32m[info] [0m2021/06/25 03:33:37 [34m[user-account][0m [32mbaby-fried-rice/internal/pkg/kit/etcd/server.go:104[0m server lease keep alive successful
[32m[info] [0m2021/06/25 03:33:39 [34m[user-account][0m [32mbaby-fried-rice/internal/pkg/kit/etcd/server.go:104[0m server lease keep alive successful
[32m[info] [0m2021/06/25 03:33:41 [34m[user-account][0m [32mbaby-fried-rice/internal/pkg/kit/etcd/server.go:104[0m server lease keep alive successful
[32m[info] [0m2021/06/25 03:33:43 [34m[user-account][0m [32mbaby-fried-rice/internal/pkg/kit/etcd/server.go:104[0m server lease keep alive successful
[32m[info] [0m2021/06/25 03:33:45 [34m[user-account][0m [32mbaby-fried-rice/internal/pkg/kit/etcd/server.go:104[0m server lease keep alive successful
[32m[info] [0m2021/06/25 03:33:47 [34m[user-account][0m [32mbaby-fried-rice/internal/pkg/kit/etcd/server.go:104[0m server lease keep alive successful
[32m[info] [0m2021/06/25 03:33:49 [34m[user-account][0m [32mbaby-fried-rice/internal/pkg/kit/etcd/server.go:104[0m server lease keep alive successful
[32m[info] [0m2021/06/25 03:33:51 [34m[user-account][0m [32mbaby-fried-rice/internal/pkg/kit/etcd/server.go:104[0m server lease keep alive successful
[32m[info] [0m2021/06/25 03:33:53 [34m[user-account][0m [32mbaby-fried-rice/internal/pkg/kit/etcd/server.go:104[0m server lease keep alive successful
[32m[info] [0m2021/06/25 03:33:55 [34m[user-account][0m [32mbaby-fried-rice/internal/pkg/kit/etcd/server.go:104[0m server lease keep alive successful
[32m[info] [0m2021/06/25 03:33:57 [34m[user-account][0m [32mbaby-fried-rice/internal/pkg/kit/etcd/server.go:104[0m server lease keep alive successful
[32m[info] [0m2021/06/25 03:33:59 [34m[user-account][0m [32mbaby-fried-rice/internal/pkg/kit/etcd/server.go:104[0m server lease keep alive successful
[32m[info] [0m2021/06/25 03:34:01 [34m[user-account][0m [32mbaby-fried-rice/internal/pkg/kit/etcd/server.go:104[0m server lease keep alive successful
[32m[info] [0m2021/06/25 03:34:03 [34m[user-account][0m [32mbaby-fried-rice/internal/pkg/kit/etcd/server.go:104[0m server lease keep alive successful
[32m[info] [0m2021/06/25 03:34:05 [34m[user-account][0m [32mbaby-fried-rice/internal/pkg/kit/etcd/server.go:104[0m server lease keep alive successful
[32m[info] [0m2021/06/25 03:34:07 [34m[user-account][0m [32mbaby-fried-rice/internal/pkg/kit/etcd/server.go:104[0m server lease keep alive successful
[32m[info] [0m2021/06/25 03:34:09 [34m[user-account][0m [32mbaby-fried-rice/internal/pkg/kit/etcd/server.go:104[0m server lease keep alive successful
[32m[info] [0m2021/06/25 03:34:11 [34m[user-account][0m [32mbaby-fried-rice/internal/pkg/kit/etcd/server.go:104[0m server lease keep alive successful
[32m[info] [0m2021/06/25 03:34:13 [34m[user-account][0m [32mbaby-fried-rice/internal/pkg/kit/etcd/server.go:104[0m server lease keep alive successful
[32m[info] [0m2021/06/25 03:34:15 [34m[user-account][0m [32mbaby-fried-rice/internal/pkg/kit/etcd/server.go:104[0m server lease keep alive successful
[32m[info] [0m2021/06/25 03:34:17 [34m[user-account][0m [32mbaby-fried-rice/internal/pkg/kit/etcd/server.go:104[0m server lease keep alive successful
[32m[info] [0m2021/06/25 03:34:19 [34m[user-account][0m [32mbaby-fried-rice/internal/pkg/kit/etcd/server.go:104[0m server lease keep alive successful
[32m[info] [0m2021/06/25 03:34:21 [34m[user-account][0m [32mbaby-fried-rice/internal/pkg/kit/etcd/server.go:104[0m server lease keep alive successful
[32m[info] [0m2021/06/25 03:34:23 [34m[user-account][0m [32mbaby-fried-rice/internal/pkg/kit/etcd/server.go:104[0m server lease keep alive successful
[32m[info] [0m2021/06/25 03:34:25 [34m[user-account][0m [32mbaby-fried-rice/internal/pkg/kit/etcd/server.go:104[0m server lease keep alive successful
[32m[info] [0m2021/06/25 03:34:27 [34m[user-account][0m [32mbaby-fried-rice/internal/pkg/kit/etcd/server.go:104[0m server lease keep alive successful
[32m[info] [0m2021/06/25 03:34:29 [34m[user-account][0m [32mbaby-fried-rice/internal/pkg/kit/etcd/server.go:104[0m server lease keep alive successful
[32m[info] [0m2021/06/25 03:34:31 [34m[user-account][0m [32mbaby-fried-rice/internal/pkg/kit/etcd/server.go:104[0m server lease keep alive successful
[32m[info] [0m2021/06/25 03:34:33 [34m[user-account][0m [32mbaby-fried-rice/internal/pkg/kit/etcd/server.go:104[0m server lease keep alive successful
[32m[info] [0m2021/06/25 03:34:35 [34m[user-account][0m [32mbaby-fried-rice/internal/pkg/kit/etcd/server.go:104[0m server lease keep alive successful
[32m[info] [0m2021/06/25 03:34:37 [34m[user-account][0m [32mbaby-fried-rice/internal/pkg/kit/etcd/server.go:104[0m server lease keep alive successful
[32m[info] [0m2021/06/25 03:34:39 [34m[user-account][0m [32mbaby-fried-rice/internal/pkg/kit/etcd/server.go:104[0m server lease keep alive successful
[32m[info] [0m2021/06/25 03:34:41 [34m[user-account][0m [32mbaby-fried-rice/internal/pkg/kit/etcd/server.go:104[0m server lease keep alive successful
[32m[info] [0m2021/06/25 03:34:43 [34m[user-account][0m [32mbaby-fried-rice/internal/pkg/kit/etcd/server.go:104[0m server lease keep alive successful
[32m[info] [0m2021/06/25 03:34:45 [34m[user-account][0m [32mbaby-fried-rice/internal/pkg/kit/etcd/server.go:104[0m server lease keep alive successful
[32m[info] [0m2021/06/25 03:34:47 [34m[user-account][0m [32mbaby-fried-rice/internal/pkg/kit/etcd/server.go:104[0m server lease keep alive successful
[32m[info] [0m2021/06/25 03:34:49 [34m[user-account][0m [32mbaby-fried-rice/internal/pkg/kit/etcd/server.go:104[0m server lease keep alive successful
[32m[info] [0m2021/06/25 03:34:51 [34m[user-account][0m [32mbaby-fried-rice/internal/pkg/kit/etcd/server.go:104[0m server lease keep alive successful
[32m[info] [0m2021/06/25 03:34:53 [34m[user-account][0m [32mbaby-fried-rice/internal/pkg/kit/etcd/server.go:104[0m server lease keep alive successful
[32m[info] [0m2021/06/25 03:34:55 [34m[user-account][0m [32mbaby-fried-rice/internal/pkg/kit/etcd/server.go:104[0m server lease keep alive successful
[32m[info] [0m2021/06/25 03:34:57 [34m[user-account][0m [32mbaby-fried-rice/internal/pkg/kit/etcd/server.go:104[0m server lease keep alive successful
[32m[info] [0m2021/06/25 03:34:59 [34m[user-account][0m [32mbaby-fried-rice/internal/pkg/kit/etcd/server.go:104[0m server lease keep alive successful
[32m[info] [0m2021/06/25 03:35:01 [34m[user-account][0m [32mbaby-fried-rice/internal/pkg/kit/etcd/server.go:104[0m server lease keep alive successful
[32m[info] [0m2021/06/25 03:35:03 [34m[user-account][0m [32mbaby-fried-rice/internal/pkg/kit/etcd/server.go:104[0m server lease keep alive successful
[32m[info] [0m2021/06/25 03:35:05 [34m[user-account][0m [32mbaby-fried-rice/internal/pkg/kit/etcd/server.go:104[0m server lease keep alive successful
[32m[info] [0m2021/06/25 03:35:07 [34m[user-account][0m [32mbaby-fried-rice/internal/pkg/kit/etcd/server.go:104[0m server lease keep alive successful
[32m[info] [0m2021/06/25 03:35:09 [34m[user-account][0m [32mbaby-fried-rice/internal/pkg/kit/etcd/server.go:104[0m server lease keep alive successful
[32m[info] [0m2021/06/25 03:35:11 [34m[user-account][0m [32mbaby-fried-rice/internal/pkg/kit/etcd/server.go:104[0m server lease keep alive successful
[32m[info] [0m2021/06/25 03:35:13 [34m[user-account][0m [32mbaby-fried-rice/internal/pkg/kit/etcd/server.go:104[0m server lease keep alive successful
[32m[info] [0m2021/06/25 03:35:15 [34m[user-account][0m [32mbaby-fried-rice/internal/pkg/kit/etcd/server.go:104[0m server lease keep alive successful
[32m[info] [0m2021/06/25 03:35:17 [34m[user-account][0m [32mbaby-fried-rice/internal/pkg/kit/etcd/server.go:104[0m server lease keep alive successful
[32m[info] [0m2021/06/25 03:35:19 [34m[user-account][0m [32mbaby-fried-rice/internal/pkg/kit/etcd/server.go:104[0m server lease keep alive successful
[32m[info] [0m2021/06/25 03:35:21 [34m[user-account][0m [32mbaby-fried-rice/internal/pkg/kit/etcd/server.go:104[0m server lease keep alive successful
[32m[info] [0m2021/06/25 03:35:23 [34m[user-account][0m [32mbaby-fried-rice/internal/pkg/kit/etcd/server.go:104[0m server lease keep alive successful
[32m[info] [0m2021/06/25 03:35:25 [34m[user-account][0m [32mbaby-fried-rice/internal/pkg/kit/etcd/server.go:104[0m server lease keep alive successful
[32m[info] [0m2021/06/25 03:35:27 [34m[user-account][0m [32mbaby-fried-rice/internal/pkg/kit/etcd/server.go:104[0m server lease keep alive successful
[32m[info] [0m2021/06/25 03:35:29 [34m[user-account][0m [32mbaby-fried-rice/internal/pkg/kit/etcd/server.go:104[0m server lease keep alive successful
[32m[info] [0m2021/06/25 03:35:31 [34m[user-account][0m [32mbaby-fried-rice/internal/pkg/kit/etcd/server.go:104[0m server lease keep alive successful
[32m[info] [0m2021/06/25 03:35:33 [34m[user-account][0m [32mbaby-fried-rice/internal/pkg/kit/etcd/server.go:104[0m server lease keep alive successful
[32m[info] [0m2021/06/25 03:35:35 [34m[user-account][0m [32mbaby-fried-rice/internal/pkg/kit/etcd/server.go:104[0m server lease keep alive successful
[32m[info] [0m2021/06/25 03:35:37 [34m[user-account][0m [32mbaby-fried-rice/internal/pkg/kit/etcd/server.go:104[0m server lease keep alive successful
[32m[info] [0m2021/06/25 03:35:39 [34m[user-account][0m [32mbaby-fried-rice/internal/pkg/kit/etcd/server.go:104[0m server lease keep alive successful
[32m[info] [0m2021/06/25 03:35:41 [34m[user-account][0m [32mbaby-fried-rice/internal/pkg/kit/etcd/server.go:104[0m server lease keep alive successful
[32m[info] [0m2021/06/25 03:35:43 [34m[user-account][0m [32mbaby-fried-rice/internal/pkg/kit/etcd/server.go:104[0m server lease keep alive successful
[32m[info] [0m2021/06/25 03:35:45 [34m[user-account][0m [32mbaby-fried-rice/internal/pkg/kit/etcd/server.go:104[0m server lease keep alive successful
[32m[info] [0m2021/06/25 03:35:47 [34m[user-account][0m [32mbaby-fried-rice/internal/pkg/kit/etcd/server.go:104[0m server lease keep alive successful
[32m[info] [0m2021/06/25 03:35:49 [34m[user-account][0m [32mbaby-fried-rice/internal/pkg/kit/etcd/server.go:104[0m server lease keep alive successful
[32m[info] [0m2021/06/25 03:35:51 [34m[user-account][0m [32mbaby-fried-rice/internal/pkg/kit/etcd/server.go:104[0m server lease keep alive successful
[32m[info] [0m2021/06/25 03:35:53 [34m[user-account][0m [32mbaby-fried-rice/internal/pkg/kit/etcd/server.go:104[0m server lease keep alive successful
[32m[info] [0m2021/06/25 03:35:55 [34m[user-account][0m [32mbaby-fried-rice/internal/pkg/kit/etcd/server.go:104[0m server lease keep alive successful
[32m[info] [0m2021/06/25 03:35:57 [34m[user-account][0m [32mbaby-fried-rice/internal/pkg/kit/etcd/server.go:104[0m server lease keep alive successful
[32m[info] [0m2021/06/25 03:35:59 [34m[user-account][0m [32mbaby-fried-rice/internal/pkg/kit/etcd/server.go:104[0m server lease keep alive successful
[32m[info] [0m2021/06/25 03:36:01 [34m[user-account][0m [32mbaby-fried-rice/internal/pkg/kit/etcd/server.go:104[0m server lease keep alive successful
[32m[info] [0m2021/06/25 03:36:03 [34m[user-account][0m [32mbaby-fried-rice/internal/pkg/kit/etcd/server.go:104[0m server lease keep alive successful
[32m[info] [0m2021/06/25 03:36:05 [34m[user-account][0m [32mbaby-fried-rice/internal/pkg/kit/etcd/server.go:104[0m server lease keep alive successful
[32m[info] [0m2021/06/25 03:36:07 [34m[user-account][0m [32mbaby-fried-rice/internal/pkg/kit/etcd/server.go:104[0m server lease keep alive successful
[32m[info] [0m2021/06/25 03:36:09 [34m[user-account][0m [32mbaby-fried-rice/internal/pkg/kit/etcd/server.go:104[0m server lease keep alive successful
[32m[info] [0m2021/06/25 03:36:11 [34m[user-account][0m [32mbaby-fried-rice/internal/pkg/kit/etcd/server.go:104[0m server lease keep alive successful
[32m[info] [0m2021/06/25 03:36:13 [34m[user-account][0m [32mbaby-fried-rice/internal/pkg/kit/etcd/server.go:104[0m server lease keep alive successful
[32m[info] [0m2021/06/25 03:36:15 [34m[user-account][0m [32mbaby-fried-rice/internal/pkg/kit/etcd/server.go:104[0m server lease keep alive successful
[32m[info] [0m2021/06/25 03:36:17 [34m[user-account][0m [32mbaby-fried-rice/internal/pkg/kit/etcd/server.go:104[0m server lease keep alive successful
[32m[info] [0m2021/06/25 03:36:19 [34m[user-account][0m [32mbaby-fried-rice/internal/pkg/kit/etcd/server.go:104[0m server lease keep alive successful
[32m[info] [0m2021/06/25 03:36:21 [34m[user-account][0m [32mbaby-fried-rice/internal/pkg/kit/etcd/server.go:104[0m server lease keep alive successful
[32m[info] [0m2021/06/25 03:36:23 [34m[user-account][0m [32mbaby-fried-rice/internal/pkg/kit/etcd/server.go:104[0m server lease keep alive successful
[32m[info] [0m2021/06/25 03:36:25 [34m[user-account][0m [32mbaby-fried-rice/internal/pkg/kit/etcd/server.go:104[0m server lease keep alive successful
[32m[info] [0m2021/06/25 03:36:27 [34m[user-account][0m [32mbaby-fried-rice/internal/pkg/kit/etcd/server.go:104[0m server lease keep alive successful
[32m[info] [0m2021/06/25 03:36:29 [34m[user-account][0m [32mbaby-fried-rice/internal/pkg/kit/etcd/server.go:104[0m server lease keep alive successful
[32m[info] [0m2021/06/25 03:36:31 [34m[user-account][0m [32mbaby-fried-rice/internal/pkg/kit/etcd/server.go:104[0m server lease keep alive successful
[32m[info] [0m2021/06/25 03:36:33 [34m[user-account][0m [32mbaby-fried-rice/internal/pkg/kit/etcd/server.go:104[0m server lease keep alive successful
[32m[info] [0m2021/06/25 03:36:35 [34m[user-account][0m [32mbaby-fried-rice/internal/pkg/kit/etcd/server.go:104[0m server lease keep alive successful
[32m[info] [0m2021/06/25 03:36:37 [34m[user-account][0m [32mbaby-fried-rice/internal/pkg/kit/etcd/server.go:104[0m server lease keep alive successful
[32m[info] [0m2021/06/25 03:36:39 [34m[user-account][0m [32mbaby-fried-rice/internal/pkg/kit/etcd/server.go:104[0m server lease keep alive successful
[32m[info] [0m2021/06/25 03:36:41 [34m[user-account][0m [32mbaby-fried-rice/internal/pkg/kit/etcd/server.go:104[0m server lease keep alive successful
[32m[info] [0m2021/06/25 03:36:43 [34m[user-account][0m [32mbaby-fried-rice/internal/pkg/kit/etcd/server.go:104[0m server lease keep alive successful
[32m[info] [0m2021/06/25 03:36:45 [34m[user-account][0m [32mbaby-fried-rice/internal/pkg/kit/etcd/server.go:104[0m server lease keep alive successful
[32m[info] [0m2021/06/25 03:36:47 [34m[user-account][0m [32mbaby-fried-rice/internal/pkg/kit/etcd/server.go:104[0m server lease keep alive successful
[32m[info] [0m2021/06/25 03:36:49 [34m[user-account][0m [32mbaby-fried-rice/internal/pkg/kit/etcd/server.go:104[0m server lease keep alive successful
[32m[info] [0m2021/06/25 03:36:51 [34m[user-account][0m [32mbaby-fried-rice/internal/pkg/kit/etcd/server.go:104[0m server lease keep alive successful
[32m[info] [0m2021/06/25 03:36:53 [34m[user-account][0m [32mbaby-fried-rice/internal/pkg/kit/etcd/server.go:104[0m server lease keep alive successful
[32m[info] [0m2021/06/25 03:36:55 [34m[user-account][0m [32mbaby-fried-rice/internal/pkg/kit/etcd/server.go:104[0m server lease keep alive successful
[32m[info] [0m2021/06/25 03:36:57 [34m[user-account][0m [32mbaby-fried-rice/internal/pkg/kit/etcd/server.go:104[0m server lease keep alive successful
[32m[info] [0m2021/06/25 03:36:59 [34m[user-account][0m [32mbaby-fried-rice/internal/pkg/kit/etcd/server.go:104[0m server lease keep alive successful
[32m[info] [0m2021/06/25 03:37:01 [34m[user-account][0m [32mbaby-fried-rice/internal/pkg/kit/etcd/server.go:104[0m server lease keep alive successful
[32m[info] [0m2021/06/25 03:37:03 [34m[user-account][0m [32mbaby-fried-rice/internal/pkg/kit/etcd/server.go:104[0m server lease keep alive successful
[32m[info] [0m2021/06/25 03:37:05 [34m[user-account][0m [32mbaby-fried-rice/internal/pkg/kit/etcd/server.go:104[0m server lease keep alive successful
[32m[info] [0m2021/06/25 03:37:07 [34m[user-account][0m [32mbaby-fried-rice/internal/pkg/kit/etcd/server.go:104[0m server lease keep alive successful
[32m[info] [0m2021/06/25 03:37:09 [34m[user-account][0m [32mbaby-fried-rice/internal/pkg/kit/etcd/server.go:104[0m server lease keep alive successful
[32m[info] [0m2021/06/25 03:37:11 [34m[user-account][0m [32mbaby-fried-rice/internal/pkg/kit/etcd/server.go:104[0m server lease keep alive successful
[32m[info] [0m2021/06/25 03:37:13 [34m[user-account][0m [32mbaby-fried-rice/internal/pkg/kit/etcd/server.go:104[0m server lease keep alive successful
[32m[info] [0m2021/06/25 03:37:15 [34m[user-account][0m [32mbaby-fried-rice/internal/pkg/kit/etcd/server.go:104[0m server lease keep alive successful
[32m[info] [0m2021/06/25 03:37:17 [34m[user-account][0m [32mbaby-fried-rice/internal/pkg/kit/etcd/server.go:104[0m server lease keep alive successful
[32m[info] [0m2021/06/25 03:37:19 [34m[user-account][0m [32mbaby-fried-rice/internal/pkg/kit/etcd/server.go:104[0m server lease keep alive successful
[32m[info] [0m2021/06/25 03:37:21 [34m[user-account][0m [32mbaby-fried-rice/internal/pkg/kit/etcd/server.go:104[0m server lease keep alive successful
[32m[info] [0m2021/06/25 03:37:23 [34m[user-account][0m [32mbaby-fried-rice/internal/pkg/kit/etcd/server.go:104[0m server lease keep alive successful
[32m[info] [0m2021/06/25 03:37:25 [34m[user-account][0m [32mbaby-fried-rice/internal/pkg/kit/etcd/server.go:104[0m server lease keep alive successful
[32m[info] [0m2021/06/25 03:37:27 [34m[user-account][0m [32mbaby-fried-rice/internal/pkg/kit/etcd/server.go:104[0m server lease keep alive successful
[32m[info] [0m2021/06/25 03:37:29 [34m[user-account][0m [32mbaby-fried-rice/internal/pkg/kit/etcd/server.go:104[0m server lease keep alive successful
[32m[info] [0m2021/06/25 03:37:31 [34m[user-account][0m [32mbaby-fried-rice/internal/pkg/kit/etcd/server.go:104[0m server lease keep alive successful
[32m[info] [0m2021/06/25 03:37:33 [34m[user-account][0m [32mbaby-fried-rice/internal/pkg/kit/etcd/server.go:104[0m server lease keep alive successful
[32m[info] [0m2021/06/25 03:37:35 [34m[user-account][0m [32mbaby-fried-rice/internal/pkg/kit/etcd/server.go:104[0m server lease keep alive successful
[32m[info] [0m2021/06/25 03:37:37 [34m[user-account][0m [32mbaby-fried-rice/internal/pkg/kit/etcd/server.go:104[0m server lease keep alive successful
[32m[info] [0m2021/06/25 03:37:39 [34m[user-account][0m [32mbaby-fried-rice/internal/pkg/kit/etcd/server.go:104[0m server lease keep alive successful
[32m[info] [0m2021/06/25 03:37:41 [34m[user-account][0m [32mbaby-fried-rice/internal/pkg/kit/etcd/server.go:104[0m server lease keep alive successful
[32m[info] [0m2021/06/25 03:37:43 [34m[user-account][0m [32mbaby-fried-rice/internal/pkg/kit/etcd/server.go:104[0m server lease keep alive successful
[32m[info] [0m2021/06/25 03:37:45 [34m[user-account][0m [32mbaby-fried-rice/internal/pkg/kit/etcd/server.go:104[0m server lease keep alive successful
[32m[info] [0m2021/06/25 03:37:47 [34m[user-account][0m [32mbaby-fried-rice/internal/pkg/kit/etcd/server.go:104[0m server lease keep alive successful
[32m[info] [0m2021/06/25 03:37:49 [34m[user-account][0m [32mbaby-fried-rice/internal/pkg/kit/etcd/server.go:104[0m server lease keep alive successful
[32m[info] [0m2021/06/25 03:37:51 [34m[user-account][0m [32mbaby-fried-rice/internal/pkg/kit/etcd/server.go:104[0m server lease keep alive successful
[32m[info] [0m2021/06/25 03:37:53 [34m[user-account][0m [32mbaby-fried-rice/internal/pkg/kit/etcd/server.go:104[0m server lease keep alive successful
[32m[info] [0m2021/06/25 03:37:55 [34m[user-account][0m [32mbaby-fried-rice/internal/pkg/kit/etcd/server.go:104[0m server lease keep alive successful
[32m[info] [0m2021/06/25 03:37:57 [34m[user-account][0m [32mbaby-fried-rice/internal/pkg/kit/etcd/server.go:104[0m server lease keep alive successful
[32m[info] [0m2021/06/25 03:37:59 [34m[user-account][0m [32mbaby-fried-rice/internal/pkg/kit/etcd/server.go:104[0m server lease keep alive successful
[32m[info] [0m2021/06/25 03:38:01 [34m[user-account][0m [32mbaby-fried-rice/internal/pkg/kit/etcd/server.go:104[0m server lease keep alive successful
[32m[info] [0m2021/06/25 03:38:03 [34m[user-account][0m [32mbaby-fried-rice/internal/pkg/kit/etcd/server.go:104[0m server lease keep alive successful
[32m[info] [0m2021/06/25 03:38:05 [34m[user-account][0m [32mbaby-fried-rice/internal/pkg/kit/etcd/server.go:104[0m server lease keep alive successful
[32m[info] [0m2021/06/25 03:38:07 [34m[user-account][0m [32mbaby-fried-rice/internal/pkg/kit/etcd/server.go:104[0m server lease keep alive successful
[32m[info] [0m2021/06/25 03:38:09 [34m[user-account][0m [32mbaby-fried-rice/internal/pkg/kit/etcd/server.go:104[0m server lease keep alive successful
[32m[info] [0m2021/06/25 03:38:11 [34m[user-account][0m [32mbaby-fried-rice/internal/pkg/kit/etcd/server.go:104[0m server lease keep alive successful
[32m[info] [0m2021/06/25 03:38:13 [34m[user-account][0m [32mbaby-fried-rice/internal/pkg/kit/etcd/server.go:104[0m server lease keep alive successful
[32m[info] [0m2021/06/25 03:38:15 [34m[user-account][0m [32mbaby-fried-rice/internal/pkg/kit/etcd/server.go:104[0m server lease keep alive successful
[32m[info] [0m2021/06/25 03:38:17 [34m[user-account][0m [32mbaby-fried-rice/internal/pkg/kit/etcd/server.go:104[0m server lease keep alive successful
[32m[info] [0m2021/06/25 03:38:19 [34m[user-account][0m [32mbaby-fried-rice/internal/pkg/kit/etcd/server.go:104[0m server lease keep alive successful
[32m[info] [0m2021/06/25 03:38:21 [34m[user-account][0m [32mbaby-fried-rice/internal/pkg/kit/etcd/server.go:104[0m server lease keep alive successful
[32m[info] [0m2021/06/25 03:38:23 [34m[user-account][0m [32mbaby-fried-rice/internal/pkg/kit/etcd/server.go:104[0m server lease keep alive successful
[32m[info] [0m2021/06/25 03:38:25 [34m[user-account][0m [32mbaby-fried-rice/internal/pkg/kit/etcd/server.go:104[0m server lease keep alive successful
[32m[info] [0m2021/06/25 03:38:27 [34m[user-account][0m [32mbaby-fried-rice/internal/pkg/kit/etcd/server.go:104[0m server lease keep alive successful
[32m[info] [0m2021/06/25 03:38:29 [34m[user-account][0m [32mbaby-fried-rice/internal/pkg/kit/etcd/server.go:104[0m server lease keep alive successful
[32m[info] [0m2021/06/25 03:38:31 [34m[user-account][0m [32mbaby-fried-rice/internal/pkg/kit/etcd/server.go:104[0m server lease keep alive successful
[32m[info] [0m2021/06/25 03:38:33 [34m[user-account][0m [32mbaby-fried-rice/internal/pkg/kit/etcd/server.go:104[0m server lease keep alive successful
[32m[info] [0m2021/06/25 03:38:35 [34m[user-account][0m [32mbaby-fried-rice/internal/pkg/kit/etcd/server.go:104[0m server lease keep alive successful
[32m[info] [0m2021/06/25 03:38:37 [34m[user-account][0m [32mbaby-fried-rice/internal/pkg/kit/etcd/server.go:104[0m server lease keep alive successful
[32m[info] [0m2021/06/25 03:38:39 [34m[user-account][0m [32mbaby-fried-rice/internal/pkg/kit/etcd/server.go:104[0m server lease keep alive successful
[32m[info] [0m2021/06/25 03:38:41 [34m[user-account][0m [32mbaby-fried-rice/internal/pkg/kit/etcd/server.go:104[0m server lease keep alive successful
[32m[info] [0m2021/06/25 03:38:43 [34m[user-account][0m [32mbaby-fried-rice/internal/pkg/kit/etcd/server.go:104[0m server lease keep alive successful
[32m[info] [0m2021/06/25 03:38:45 [34m[user-account][0m [32mbaby-fried-rice/internal/pkg/kit/etcd/server.go:104[0m server lease keep alive successful
[32m[info] [0m2021/06/25 03:38:47 [34m[user-account][0m [32mbaby-fried-rice/internal/pkg/kit/etcd/server.go:104[0m server lease keep alive successful
[32m[info] [0m2021/06/25 03:38:49 [34m[user-account][0m [32mbaby-fried-rice/internal/pkg/kit/etcd/server.go:104[0m server lease keep alive successful
[32m[info] [0m2021/06/25 03:38:51 [34m[user-account][0m [32mbaby-fried-rice/internal/pkg/kit/etcd/server.go:104[0m server lease keep alive successful
[32m[info] [0m2021/06/25 03:38:53 [34m[user-account][0m [32mbaby-fried-rice/internal/pkg/kit/etcd/server.go:104[0m server lease keep alive successful
[32m[info] [0m2021/06/25 03:38:55 [34m[user-account][0m [32mbaby-fried-rice/internal/pkg/kit/etcd/server.go:104[0m server lease keep alive successful
[32m[info] [0m2021/06/25 03:38:57 [34m[user-account][0m [32mbaby-fried-rice/internal/pkg/kit/etcd/server.go:104[0m server lease keep alive successful
[32m[info] [0m2021/06/25 03:38:59 [34m[user-account][0m [32mbaby-fried-rice/internal/pkg/kit/etcd/server.go:104[0m server lease keep alive successful
[32m[info] [0m2021/06/25 03:39:01 [34m[user-account][0m [32mbaby-fried-rice/internal/pkg/kit/etcd/server.go:104[0m server lease keep alive successful
[32m[info] [0m2021/06/25 03:39:03 [34m[user-account][0m [32mbaby-fried-rice/internal/pkg/kit/etcd/server.go:104[0m server lease keep alive successful
[32m[info] [0m2021/06/25 03:39:05 [34m[user-account][0m [32mbaby-fried-rice/internal/pkg/kit/etcd/server.go:104[0m server lease keep alive successful
[32m[info] [0m2021/06/25 03:39:07 [34m[user-account][0m [32mbaby-fried-rice/internal/pkg/kit/etcd/server.go:104[0m server lease keep alive successful
[32m[info] [0m2021/06/25 03:39:09 [34m[user-account][0m [32mbaby-fried-rice/internal/pkg/kit/etcd/server.go:104[0m server lease keep alive successful
[32m[info] [0m2021/06/25 03:39:11 [34m[user-account][0m [32mbaby-fried-rice/internal/pkg/kit/etcd/server.go:104[0m server lease keep alive successful
[32m[info] [0m2021/06/25 03:39:13 [34m[user-account][0m [32mbaby-fried-rice/internal/pkg/kit/etcd/server.go:104[0m server lease keep alive successful
[32m[info] [0m2021/06/25 03:39:15 [34m[user-account][0m [32mbaby-fried-rice/internal/pkg/kit/etcd/server.go:104[0m server lease keep alive successful
[32m[info] [0m2021/06/25 03:39:17 [34m[user-account][0m [32mbaby-fried-rice/internal/pkg/kit/etcd/server.go:104[0m server lease keep alive successful
[32m[info] [0m2021/06/25 03:39:19 [34m[user-account][0m [32mbaby-fried-rice/internal/pkg/kit/etcd/server.go:104[0m server lease keep alive successful
[32m[info] [0m2021/06/25 03:39:21 [34m[user-account][0m [32mbaby-fried-rice/internal/pkg/kit/etcd/server.go:104[0m server lease keep alive successful
[32m[info] [0m2021/06/25 03:39:23 [34m[user-account][0m [32mbaby-fried-rice/internal/pkg/kit/etcd/server.go:104[0m server lease keep alive successful
[32m[info] [0m2021/06/25 03:39:25 [34m[user-account][0m [32mbaby-fried-rice/internal/pkg/kit/etcd/server.go:104[0m server lease keep alive successful
[32m[info] [0m2021/06/25 03:39:27 [34m[user-account][0m [32mbaby-fried-rice/internal/pkg/kit/etcd/server.go:104[0m server lease keep alive successful
[32m[info] [0m2021/06/25 03:39:29 [34m[user-account][0m [32mbaby-fried-rice/internal/pkg/kit/etcd/server.go:104[0m server lease keep alive successful
[32m[info] [0m2021/06/25 03:39:31 [34m[user-account][0m [32mbaby-fried-rice/internal/pkg/kit/etcd/server.go:104[0m server lease keep alive successful
[32m[info] [0m2021/06/25 03:39:33 [34m[user-account][0m [32mbaby-fried-rice/internal/pkg/kit/etcd/server.go:104[0m server lease keep alive successful
[32m[info] [0m2021/06/25 03:39:35 [34m[user-account][0m [32mbaby-fried-rice/internal/pkg/kit/etcd/server.go:104[0m server lease keep alive successful
[32m[info] [0m2021/06/25 03:39:37 [34m[user-account][0m [32mbaby-fried-rice/internal/pkg/kit/etcd/server.go:104[0m server lease keep alive successful
[32m[info] [0m2021/06/25 03:39:39 [34m[user-account][0m [32mbaby-fried-rice/internal/pkg/kit/etcd/server.go:104[0m server lease keep alive successful
[32m[info] [0m2021/06/25 03:39:41 [34m[user-account][0m [32mbaby-fried-rice/internal/pkg/kit/etcd/server.go:104[0m server lease keep alive successful
[32m[info] [0m2021/06/25 03:39:43 [34m[user-account][0m [32mbaby-fried-rice/internal/pkg/kit/etcd/server.go:104[0m server lease keep alive successful
[32m[info] [0m2021/06/25 03:39:45 [34m[user-account][0m [32mbaby-fried-rice/internal/pkg/kit/etcd/server.go:104[0m server lease keep alive successful
[32m[info] [0m2021/06/25 03:39:47 [34m[user-account][0m [32mbaby-fried-rice/internal/pkg/kit/etcd/server.go:104[0m server lease keep alive successful
[32m[info] [0m2021/06/25 03:39:49 [34m[user-account][0m [32mbaby-fried-rice/internal/pkg/kit/etcd/server.go:104[0m server lease keep alive successful
[32m[info] [0m2021/06/25 03:39:51 [34m[user-account][0m [32mbaby-fried-rice/internal/pkg/kit/etcd/server.go:104[0m server lease keep alive successful
[32m[info] [0m2021/06/25 03:39:53 [34m[user-account][0m [32mbaby-fried-rice/internal/pkg/kit/etcd/server.go:104[0m server lease keep alive successful
[32m[info] [0m2021/06/25 03:39:55 [34m[user-account][0m [32mbaby-fried-rice/internal/pkg/kit/etcd/server.go:104[0m server lease keep alive successful
[32m[info] [0m2021/06/25 03:39:57 [34m[user-account][0m [32mbaby-fried-rice/internal/pkg/kit/etcd/server.go:104[0m server lease keep alive successful
[32m[info] [0m2021/06/25 03:39:59 [34m[user-account][0m [32mbaby-fried-rice/internal/pkg/kit/etcd/server.go:104[0m server lease keep alive successful
[32m[info] [0m2021/06/25 03:40:00 [34m[user-account][0m [32mbaby-fried-rice/internal/pkg/kit/etcd/server.go:104[0m server lease keep alive successful
[32m[info] [0m2021/06/25 03:40:02 [34m[user-account][0m [32mbaby-fried-rice/internal/pkg/kit/etcd/server.go:104[0m server lease keep alive successful
[32m[info] [0m2021/06/25 03:40:04 [34m[user-account][0m [32mbaby-fried-rice/internal/pkg/kit/etcd/server.go:104[0m server lease keep alive successful
[32m[info] [0m2021/06/25 03:40:06 [34m[user-account][0m [32mbaby-fried-rice/internal/pkg/kit/etcd/server.go:104[0m server lease keep alive successful
[32m[info] [0m2021/06/25 03:40:08 [34m[user-account][0m [32mbaby-fried-rice/internal/pkg/kit/etcd/server.go:104[0m server lease keep alive successful
[32m[info] [0m2021/06/25 03:40:10 [34m[user-account][0m [32mbaby-fried-rice/internal/pkg/kit/etcd/server.go:104[0m server lease keep alive successful
[32m[info] [0m2021/06/25 03:40:12 [34m[user-account][0m [32mbaby-fried-rice/internal/pkg/kit/etcd/server.go:104[0m server lease keep alive successful
[32m[info] [0m2021/06/25 03:40:14 [34m[user-account][0m [32mbaby-fried-rice/internal/pkg/kit/etcd/server.go:104[0m server lease keep alive successful
[32m[info] [0m2021/06/25 03:40:16 [34m[user-account][0m [32mbaby-fried-rice/internal/pkg/kit/etcd/server.go:104[0m server lease keep alive successful
[32m[info] [0m2021/06/25 03:40:18 [34m[user-account][0m [32mbaby-fried-rice/internal/pkg/kit/etcd/server.go:104[0m server lease keep alive successful
[32m[info] [0m2021/06/25 03:40:20 [34m[user-account][0m [32mbaby-fried-rice/internal/pkg/kit/etcd/server.go:104[0m server lease keep alive successful
[32m[info] [0m2021/06/25 03:40:22 [34m[user-account][0m [32mbaby-fried-rice/internal/pkg/kit/etcd/server.go:104[0m server lease keep alive successful
[32m[info] [0m2021/06/25 03:40:24 [34m[user-account][0m [32mbaby-fried-rice/internal/pkg/kit/etcd/server.go:104[0m server lease keep alive successful
[32m[info] [0m2021/06/25 03:40:26 [34m[user-account][0m [32mbaby-fried-rice/internal/pkg/kit/etcd/server.go:104[0m server lease keep alive successful
[32m[info] [0m2021/06/25 03:40:28 [34m[user-account][0m [32mbaby-fried-rice/internal/pkg/kit/etcd/server.go:104[0m server lease keep alive successful
[32m[info] [0m2021/06/25 03:40:30 [34m[user-account][0m [32mbaby-fried-rice/internal/pkg/kit/etcd/server.go:104[0m server lease keep alive successful
[32m[info] [0m2021/06/25 03:40:32 [34m[user-account][0m [32mbaby-fried-rice/internal/pkg/kit/etcd/server.go:104[0m server lease keep alive successful
[32m[info] [0m2021/06/25 03:40:34 [34m[user-account][0m [32mbaby-fried-rice/internal/pkg/kit/etcd/server.go:104[0m server lease keep alive successful
[32m[info] [0m2021/06/25 03:40:36 [34m[user-account][0m [32mbaby-fried-rice/internal/pkg/kit/etcd/server.go:104[0m server lease keep alive successful
[32m[info] [0m2021/06/25 03:40:38 [34m[user-account][0m [32mbaby-fried-rice/internal/pkg/kit/etcd/server.go:104[0m server lease keep alive successful
[32m[info] [0m2021/06/25 03:40:40 [34m[user-account][0m [32mbaby-fried-rice/internal/pkg/kit/etcd/server.go:104[0m server lease keep alive successful
[32m[info] [0m2021/06/25 03:40:42 [34m[user-account][0m [32mbaby-fried-rice/internal/pkg/kit/etcd/server.go:104[0m server lease keep alive successful
[32m[info] [0m2021/06/25 03:40:44 [34m[user-account][0m [32mbaby-fried-rice/internal/pkg/kit/etcd/server.go:104[0m server lease keep alive successful
[32m[info] [0m2021/06/25 03:40:46 [34m[user-account][0m [32mbaby-fried-rice/internal/pkg/kit/etcd/server.go:104[0m server lease keep alive successful
[32m[info] [0m2021/06/25 03:40:48 [34m[user-account][0m [32mbaby-fried-rice/internal/pkg/kit/etcd/server.go:104[0m server lease keep alive successful
[32m[info] [0m2021/06/25 03:40:50 [34m[user-account][0m [32mbaby-fried-rice/internal/pkg/kit/etcd/server.go:104[0m server lease keep alive successful
[32m[info] [0m2021/06/25 03:40:52 [34m[user-account][0m [32mbaby-fried-rice/internal/pkg/kit/etcd/server.go:104[0m server lease keep alive successful
[32m[info] [0m2021/06/25 03:40:54 [34m[user-account][0m [32mbaby-fried-rice/internal/pkg/kit/etcd/server.go:104[0m server lease keep alive successful
[32m[info] [0m2021/06/25 03:40:56 [34m[user-account][0m [32mbaby-fried-rice/internal/pkg/kit/etcd/server.go:104[0m server lease keep alive successful
[32m[info] [0m2021/06/25 03:40:58 [34m[user-account][0m [32mbaby-fried-rice/internal/pkg/kit/etcd/server.go:104[0m server lease keep alive successful
[32m[info] [0m2021/06/25 03:41:00 [34m[user-account][0m [32mbaby-fried-rice/internal/pkg/kit/etcd/server.go:104[0m server lease keep alive successful
[32m[info] [0m2021/06/25 03:41:02 [34m[user-account][0m [32mbaby-fried-rice/internal/pkg/kit/etcd/server.go:104[0m server lease keep alive successful
[32m[info] [0m2021/06/25 03:41:04 [34m[user-account][0m [32mbaby-fried-rice/internal/pkg/kit/etcd/server.go:104[0m server lease keep alive successful
[32m[info] [0m2021/06/25 03:41:06 [34m[user-account][0m [32mbaby-fried-rice/internal/pkg/kit/etcd/server.go:104[0m server lease keep alive successful
[32m[info] [0m2021/06/25 03:41:08 [34m[user-account][0m [32mbaby-fried-rice/internal/pkg/kit/etcd/server.go:104[0m server lease keep alive successful
[32m[info] [0m2021/06/25 03:41:10 [34m[user-account][0m [32mbaby-fried-rice/internal/pkg/kit/etcd/server.go:104[0m server lease keep alive successful
[32m[info] [0m2021/06/25 03:41:12 [34m[user-account][0m [32mbaby-fried-rice/internal/pkg/kit/etcd/server.go:104[0m server lease keep alive successful
[32m[info] [0m2021/06/25 03:41:14 [34m[user-account][0m [32mbaby-fried-rice/internal/pkg/kit/etcd/server.go:104[0m server lease keep alive successful
[32m[info] [0m2021/06/25 03:41:16 [34m[user-account][0m [32mbaby-fried-rice/internal/pkg/kit/etcd/server.go:104[0m server lease keep alive successful
[32m[info] [0m2021/06/25 03:41:18 [34m[user-account][0m [32mbaby-fried-rice/internal/pkg/kit/etcd/server.go:104[0m server lease keep alive successful
[32m[info] [0m2021/06/25 03:41:20 [34m[user-account][0m [32mbaby-fried-rice/internal/pkg/kit/etcd/server.go:104[0m server lease keep alive successful
[32m[info] [0m2021/06/25 03:41:22 [34m[user-account][0m [32mbaby-fried-rice/internal/pkg/kit/etcd/server.go:104[0m server lease keep alive successful
